{"/home/stephys/sw/proyectos/pruebasangular/habitapp/config/blueprints.js":{"path":"/home/stephys/sw/proyectos/pruebasangular/habitapp/config/blueprints.js","s":{"1":1},"b":{},"f":{},"fnMap":{},"statementMap":{"1":{"start":{"line":26,"column":0},"end":{"line":162,"column":2}}},"branchMap":{}},"/home/stephys/sw/proyectos/pruebasangular/habitapp/config/bootstrap.js":{"path":"/home/stephys/sw/proyectos/pruebasangular/habitapp/config/bootstrap.js","s":{"1":1,"2":1,"3":1,"4":1,"5":1,"6":1},"b":{},"f":{"1":1},"fnMap":{"1":{"name":"(anonymous_1)","line":12,"loc":{"start":{"line":12,"column":27},"end":{"line":12,"column":40}}}},"statementMap":{"1":{"start":{"line":12,"column":0},"end":{"line":33,"column":2}},"2":{"start":{"line":16,"column":2},"end":{"line":16,"column":7}},"3":{"start":{"line":18,"column":2},"end":{"line":18,"column":31}},"4":{"start":{"line":20,"column":2},"end":{"line":20,"column":57}},"5":{"start":{"line":23,"column":2},"end":{"line":23,"column":35}},"6":{"start":{"line":26,"column":2},"end":{"line":26,"column":27}}},"branchMap":{}},"/home/stephys/sw/proyectos/pruebasangular/habitapp/config/connections.js":{"path":"/home/stephys/sw/proyectos/pruebasangular/habitapp/config/connections.js","s":{"1":1},"b":{},"f":{},"fnMap":{},"statementMap":{"1":{"start":{"line":22,"column":0},"end":{"line":51,"column":2}}},"branchMap":{}},"/home/stephys/sw/proyectos/pruebasangular/habitapp/config/cors.js":{"path":"/home/stephys/sw/proyectos/pruebasangular/habitapp/config/cors.js","s":{"1":1},"b":{},"f":{},"fnMap":{},"statementMap":{"1":{"start":{"line":29,"column":0},"end":{"line":78,"column":2}}},"branchMap":{}},"/home/stephys/sw/proyectos/pruebasangular/habitapp/config/csrf.js":{"path":"/home/stephys/sw/proyectos/pruebasangular/habitapp/config/csrf.js","s":{},"b":{},"f":{},"fnMap":{},"statementMap":{},"branchMap":{}},"/home/stephys/sw/proyectos/pruebasangular/habitapp/config/globals.js":{"path":"/home/stephys/sw/proyectos/pruebasangular/habitapp/config/globals.js","s":{"1":1},"b":{},"f":{},"fnMap":{},"statementMap":{"1":{"start":{"line":11,"column":0},"end":{"line":63,"column":2}}},"branchMap":{}},"/home/stephys/sw/proyectos/pruebasangular/habitapp/config/http.js":{"path":"/home/stephys/sw/proyectos/pruebasangular/habitapp/config/http.js","s":{"1":1},"b":{},"f":{},"fnMap":{},"statementMap":{"1":{"start":{"line":12,"column":0},"end":{"line":87,"column":2}}},"branchMap":{}},"/home/stephys/sw/proyectos/pruebasangular/habitapp/config/i18n.js":{"path":"/home/stephys/sw/proyectos/pruebasangular/habitapp/config/i18n.js","s":{"1":1},"b":{},"f":{},"fnMap":{},"statementMap":{"1":{"start":{"line":18,"column":0},"end":{"line":57,"column":2}}},"branchMap":{}},"/home/stephys/sw/proyectos/pruebasangular/habitapp/config/local.js":{"path":"/home/stephys/sw/proyectos/pruebasangular/habitapp/config/local.js","s":{"1":2},"b":{},"f":{},"fnMap":{},"statementMap":{"1":{"start":{"line":30,"column":0},"end":{"line":85,"column":2}}},"branchMap":{}},"/home/stephys/sw/proyectos/pruebasangular/habitapp/config/log.js":{"path":"/home/stephys/sw/proyectos/pruebasangular/habitapp/config/log.js","s":{"1":1},"b":{},"f":{},"fnMap":{},"statementMap":{"1":{"start":{"line":13,"column":0},"end":{"line":29,"column":2}}},"branchMap":{}},"/home/stephys/sw/proyectos/pruebasangular/habitapp/config/models.js":{"path":"/home/stephys/sw/proyectos/pruebasangular/habitapp/config/models.js","s":{"1":1},"b":{},"f":{},"fnMap":{},"statementMap":{"1":{"start":{"line":12,"column":0},"end":{"line":32,"column":2}}},"branchMap":{}},"/home/stephys/sw/proyectos/pruebasangular/habitapp/config/policies.js":{"path":"/home/stephys/sw/proyectos/pruebasangular/habitapp/config/policies.js","s":{"1":1},"b":{},"f":{},"fnMap":{},"statementMap":{"1":{"start":{"line":20,"column":0},"end":{"line":51,"column":2}}},"branchMap":{}},"/home/stephys/sw/proyectos/pruebasangular/habitapp/config/routes.js":{"path":"/home/stephys/sw/proyectos/pruebasangular/habitapp/config/routes.js","s":{"1":1},"b":{},"f":{},"fnMap":{},"statementMap":{"1":{"start":{"line":23,"column":0},"end":{"line":66,"column":2}}},"branchMap":{}},"/home/stephys/sw/proyectos/pruebasangular/habitapp/config/session.js":{"path":"/home/stephys/sw/proyectos/pruebasangular/habitapp/config/session.js","s":{"1":1},"b":{},"f":{},"fnMap":{},"statementMap":{"1":{"start":{"line":15,"column":0},"end":{"line":91,"column":2}}},"branchMap":{}},"/home/stephys/sw/proyectos/pruebasangular/habitapp/config/sockets.js":{"path":"/home/stephys/sw/proyectos/pruebasangular/habitapp/config/sockets.js","s":{"1":1},"b":{},"f":{},"fnMap":{},"statementMap":{"1":{"start":{"line":13,"column":0},"end":{"line":141,"column":2}}},"branchMap":{}},"/home/stephys/sw/proyectos/pruebasangular/habitapp/config/views.js":{"path":"/home/stephys/sw/proyectos/pruebasangular/habitapp/config/views.js","s":{"1":1},"b":{},"f":{},"fnMap":{},"statementMap":{"1":{"start":{"line":14,"column":0},"end":{"line":95,"column":2}}},"branchMap":{}},"/home/stephys/sw/proyectos/pruebasangular/habitapp/config/env/development.js":{"path":"/home/stephys/sw/proyectos/pruebasangular/habitapp/config/env/development.js","s":{"1":1},"b":{},"f":{},"fnMap":{},"statementMap":{"1":{"start":{"line":13,"column":0},"end":{"line":24,"column":2}}},"branchMap":{}},"/home/stephys/sw/proyectos/pruebasangular/habitapp/api/responses/badRequest.js":{"path":"/home/stephys/sw/proyectos/pruebasangular/habitapp/api/responses/badRequest.js","s":{"1":1,"2":0,"3":0,"4":0,"5":0,"6":0,"7":0,"8":0,"9":0,"10":0,"11":0,"12":0,"13":0,"14":0,"15":0,"16":0,"17":0},"b":{"1":[0,0],"2":[0,0],"3":[0,0],"4":[0,0],"5":[0,0],"6":[0,0]},"f":{"1":0,"2":0},"fnMap":{"1":{"name":"badRequest","line":18,"loc":{"start":{"line":18,"column":17},"end":{"line":18,"column":52}}},"2":{"name":"couldNotGuessView","line":59,"loc":{"start":{"line":59,"column":44},"end":{"line":59,"column":74}}}},"statementMap":{"1":{"start":{"line":18,"column":0},"end":{"line":63,"column":2}},"2":{"start":{"line":21,"column":2},"end":{"line":21,"column":21}},"3":{"start":{"line":22,"column":2},"end":{"line":22,"column":21}},"4":{"start":{"line":23,"column":2},"end":{"line":23,"column":25}},"5":{"start":{"line":26,"column":2},"end":{"line":26,"column":18}},"6":{"start":{"line":29,"column":2},"end":{"line":32,"column":65}},"7":{"start":{"line":30,"column":4},"end":{"line":30,"column":71}},"8":{"start":{"line":32,"column":7},"end":{"line":32,"column":65}},"9":{"start":{"line":37,"column":2},"end":{"line":39,"column":3}},"10":{"start":{"line":38,"column":4},"end":{"line":38,"column":21}},"11":{"start":{"line":42,"column":2},"end":{"line":44,"column":3}},"12":{"start":{"line":43,"column":4},"end":{"line":43,"column":27}},"13":{"start":{"line":48,"column":2},"end":{"line":48,"column":78}},"14":{"start":{"line":53,"column":2},"end":{"line":61,"column":5}},"15":{"start":{"line":54,"column":4},"end":{"line":54,"column":50}},"16":{"start":{"line":59,"column":7},"end":{"line":61,"column":5}},"17":{"start":{"line":60,"column":4},"end":{"line":60,"column":27}}},"branchMap":{"1":{"line":29,"type":"if","locations":[{"start":{"line":29,"column":2},"end":{"line":29,"column":2}},{"start":{"line":29,"column":2},"end":{"line":29,"column":2}}]},"2":{"line":37,"type":"if","locations":[{"start":{"line":37,"column":2},"end":{"line":37,"column":2}},{"start":{"line":37,"column":2},"end":{"line":37,"column":2}}]},"3":{"line":42,"type":"if","locations":[{"start":{"line":42,"column":2},"end":{"line":42,"column":2}},{"start":{"line":42,"column":2},"end":{"line":42,"column":2}}]},"4":{"line":48,"type":"cond-expr","locations":[{"start":{"line":48,"column":44},"end":{"line":48,"column":61}},{"start":{"line":48,"column":64},"end":{"line":48,"column":77}}]},"5":{"line":48,"type":"binary-expr","locations":[{"start":{"line":48,"column":64},"end":{"line":48,"column":71}},{"start":{"line":48,"column":75},"end":{"line":48,"column":77}}]},"6":{"line":53,"type":"if","locations":[{"start":{"line":53,"column":2},"end":{"line":53,"column":2}},{"start":{"line":53,"column":2},"end":{"line":53,"column":2}}]}}},"/home/stephys/sw/proyectos/pruebasangular/habitapp/api/responses/forbidden.js":{"path":"/home/stephys/sw/proyectos/pruebasangular/habitapp/api/responses/forbidden.js","s":{"1":1,"2":0,"3":0,"4":0,"5":0,"6":0,"7":0,"8":0,"9":0,"10":0,"11":0,"12":0,"13":0,"14":0,"15":0,"16":0,"17":0,"18":0,"19":0,"20":0,"21":0,"22":0},"b":{"1":[0,0],"2":[0,0],"3":[0,0],"4":[0,0],"5":[0,0],"6":[0,0],"7":[0,0],"8":[0,0]},"f":{"1":0,"2":0},"fnMap":{"1":{"name":"forbidden","line":15,"loc":{"start":{"line":15,"column":17},"end":{"line":15,"column":52}}},"2":{"name":"(anonymous_2)","line":56,"loc":{"start":{"line":56,"column":46},"end":{"line":56,"column":67}}}},"statementMap":{"1":{"start":{"line":15,"column":0},"end":{"line":76,"column":2}},"2":{"start":{"line":18,"column":2},"end":{"line":18,"column":21}},"3":{"start":{"line":19,"column":2},"end":{"line":19,"column":21}},"4":{"start":{"line":20,"column":2},"end":{"line":20,"column":25}},"5":{"start":{"line":23,"column":2},"end":{"line":23,"column":18}},"6":{"start":{"line":26,"column":2},"end":{"line":29,"column":63}},"7":{"start":{"line":27,"column":4},"end":{"line":27,"column":69}},"8":{"start":{"line":29,"column":7},"end":{"line":29,"column":63}},"9":{"start":{"line":34,"column":2},"end":{"line":36,"column":3}},"10":{"start":{"line":35,"column":4},"end":{"line":35,"column":21}},"11":{"start":{"line":39,"column":2},"end":{"line":41,"column":3}},"12":{"start":{"line":40,"column":4},"end":{"line":40,"column":27}},"13":{"start":{"line":45,"column":2},"end":{"line":45,"column":78}},"14":{"start":{"line":50,"column":2},"end":{"line":74,"column":5}},"15":{"start":{"line":51,"column":4},"end":{"line":51,"column":50}},"16":{"start":{"line":56,"column":7},"end":{"line":74,"column":5}},"17":{"start":{"line":59,"column":4},"end":{"line":71,"column":5}},"18":{"start":{"line":63,"column":6},"end":{"line":69,"column":7}},"19":{"start":{"line":64,"column":8},"end":{"line":64,"column":124}},"20":{"start":{"line":68,"column":8},"end":{"line":68,"column":145}},"21":{"start":{"line":70,"column":6},"end":{"line":70,"column":29}},"22":{"start":{"line":73,"column":4},"end":{"line":73,"column":26}}},"branchMap":{"1":{"line":26,"type":"if","locations":[{"start":{"line":26,"column":2},"end":{"line":26,"column":2}},{"start":{"line":26,"column":2},"end":{"line":26,"column":2}}]},"2":{"line":34,"type":"if","locations":[{"start":{"line":34,"column":2},"end":{"line":34,"column":2}},{"start":{"line":34,"column":2},"end":{"line":34,"column":2}}]},"3":{"line":39,"type":"if","locations":[{"start":{"line":39,"column":2},"end":{"line":39,"column":2}},{"start":{"line":39,"column":2},"end":{"line":39,"column":2}}]},"4":{"line":45,"type":"cond-expr","locations":[{"start":{"line":45,"column":44},"end":{"line":45,"column":61}},{"start":{"line":45,"column":64},"end":{"line":45,"column":77}}]},"5":{"line":45,"type":"binary-expr","locations":[{"start":{"line":45,"column":64},"end":{"line":45,"column":71}},{"start":{"line":45,"column":75},"end":{"line":45,"column":77}}]},"6":{"line":50,"type":"if","locations":[{"start":{"line":50,"column":2},"end":{"line":50,"column":2}},{"start":{"line":50,"column":2},"end":{"line":50,"column":2}}]},"7":{"line":59,"type":"if","locations":[{"start":{"line":59,"column":4},"end":{"line":59,"column":4}},{"start":{"line":59,"column":4},"end":{"line":59,"column":4}}]},"8":{"line":63,"type":"if","locations":[{"start":{"line":63,"column":6},"end":{"line":63,"column":6}},{"start":{"line":63,"column":6},"end":{"line":63,"column":6}}]}}},"/home/stephys/sw/proyectos/pruebasangular/habitapp/api/responses/notFound.js":{"path":"/home/stephys/sw/proyectos/pruebasangular/habitapp/api/responses/notFound.js","s":{"1":1,"2":0,"3":0,"4":0,"5":0,"6":0,"7":0,"8":0,"9":0,"10":0,"11":0,"12":0,"13":0,"14":0,"15":0,"16":0,"17":0,"18":0,"19":0,"20":0,"21":0,"22":0},"b":{"1":[0,0],"2":[0,0],"3":[0,0],"4":[0,0],"5":[0,0],"6":[0,0],"7":[0,0],"8":[0,0]},"f":{"1":0,"2":0},"fnMap":{"1":{"name":"notFound","line":20,"loc":{"start":{"line":20,"column":17},"end":{"line":20,"column":51}}},"2":{"name":"(anonymous_2)","line":61,"loc":{"start":{"line":61,"column":46},"end":{"line":61,"column":67}}}},"statementMap":{"1":{"start":{"line":20,"column":0},"end":{"line":81,"column":2}},"2":{"start":{"line":23,"column":2},"end":{"line":23,"column":21}},"3":{"start":{"line":24,"column":2},"end":{"line":24,"column":21}},"4":{"start":{"line":25,"column":2},"end":{"line":25,"column":25}},"5":{"start":{"line":28,"column":2},"end":{"line":28,"column":18}},"6":{"start":{"line":31,"column":2},"end":{"line":34,"column":63}},"7":{"start":{"line":32,"column":4},"end":{"line":32,"column":69}},"8":{"start":{"line":34,"column":7},"end":{"line":34,"column":63}},"9":{"start":{"line":39,"column":2},"end":{"line":41,"column":3}},"10":{"start":{"line":40,"column":4},"end":{"line":40,"column":21}},"11":{"start":{"line":44,"column":2},"end":{"line":46,"column":3}},"12":{"start":{"line":45,"column":4},"end":{"line":45,"column":27}},"13":{"start":{"line":50,"column":2},"end":{"line":50,"column":78}},"14":{"start":{"line":55,"column":2},"end":{"line":79,"column":5}},"15":{"start":{"line":56,"column":4},"end":{"line":56,"column":50}},"16":{"start":{"line":61,"column":7},"end":{"line":79,"column":5}},"17":{"start":{"line":64,"column":4},"end":{"line":76,"column":5}},"18":{"start":{"line":68,"column":6},"end":{"line":74,"column":7}},"19":{"start":{"line":69,"column":8},"end":{"line":69,"column":123}},"20":{"start":{"line":73,"column":8},"end":{"line":73,"column":144}},"21":{"start":{"line":75,"column":6},"end":{"line":75,"column":29}},"22":{"start":{"line":78,"column":4},"end":{"line":78,"column":26}}},"branchMap":{"1":{"line":31,"type":"if","locations":[{"start":{"line":31,"column":2},"end":{"line":31,"column":2}},{"start":{"line":31,"column":2},"end":{"line":31,"column":2}}]},"2":{"line":39,"type":"if","locations":[{"start":{"line":39,"column":2},"end":{"line":39,"column":2}},{"start":{"line":39,"column":2},"end":{"line":39,"column":2}}]},"3":{"line":44,"type":"if","locations":[{"start":{"line":44,"column":2},"end":{"line":44,"column":2}},{"start":{"line":44,"column":2},"end":{"line":44,"column":2}}]},"4":{"line":50,"type":"cond-expr","locations":[{"start":{"line":50,"column":44},"end":{"line":50,"column":61}},{"start":{"line":50,"column":64},"end":{"line":50,"column":77}}]},"5":{"line":50,"type":"binary-expr","locations":[{"start":{"line":50,"column":64},"end":{"line":50,"column":71}},{"start":{"line":50,"column":75},"end":{"line":50,"column":77}}]},"6":{"line":55,"type":"if","locations":[{"start":{"line":55,"column":2},"end":{"line":55,"column":2}},{"start":{"line":55,"column":2},"end":{"line":55,"column":2}}]},"7":{"line":64,"type":"if","locations":[{"start":{"line":64,"column":4},"end":{"line":64,"column":4}},{"start":{"line":64,"column":4},"end":{"line":64,"column":4}}]},"8":{"line":68,"type":"if","locations":[{"start":{"line":68,"column":6},"end":{"line":68,"column":6}},{"start":{"line":68,"column":6},"end":{"line":68,"column":6}}]}}},"/home/stephys/sw/proyectos/pruebasangular/habitapp/api/responses/ok.js":{"path":"/home/stephys/sw/proyectos/pruebasangular/habitapp/api/responses/ok.js","s":{"1":1,"2":0,"3":0,"4":0,"5":0,"6":0,"7":0,"8":0,"9":0,"10":0,"11":0,"12":0,"13":0},"b":{"1":[0,0],"2":[0,0],"3":[0,0],"4":[0,0]},"f":{"1":0,"2":0},"fnMap":{"1":{"name":"sendOK","line":14,"loc":{"start":{"line":14,"column":17},"end":{"line":14,"column":49}}},"2":{"name":"couldNotGuessView","line":44,"loc":{"start":{"line":44,"column":44},"end":{"line":44,"column":74}}}},"statementMap":{"1":{"start":{"line":14,"column":0},"end":{"line":48,"column":2}},"2":{"start":{"line":17,"column":2},"end":{"line":17,"column":21}},"3":{"start":{"line":18,"column":2},"end":{"line":18,"column":21}},"4":{"start":{"line":19,"column":2},"end":{"line":19,"column":25}},"5":{"start":{"line":21,"column":2},"end":{"line":21,"column":61}},"6":{"start":{"line":24,"column":2},"end":{"line":24,"column":18}},"7":{"start":{"line":27,"column":2},"end":{"line":29,"column":3}},"8":{"start":{"line":28,"column":4},"end":{"line":28,"column":27}},"9":{"start":{"line":33,"column":2},"end":{"line":33,"column":78}},"10":{"start":{"line":38,"column":2},"end":{"line":46,"column":5}},"11":{"start":{"line":39,"column":4},"end":{"line":39,"column":50}},"12":{"start":{"line":44,"column":7},"end":{"line":46,"column":5}},"13":{"start":{"line":45,"column":4},"end":{"line":45,"column":27}}},"branchMap":{"1":{"line":27,"type":"if","locations":[{"start":{"line":27,"column":2},"end":{"line":27,"column":2}},{"start":{"line":27,"column":2},"end":{"line":27,"column":2}}]},"2":{"line":33,"type":"cond-expr","locations":[{"start":{"line":33,"column":44},"end":{"line":33,"column":61}},{"start":{"line":33,"column":64},"end":{"line":33,"column":77}}]},"3":{"line":33,"type":"binary-expr","locations":[{"start":{"line":33,"column":64},"end":{"line":33,"column":71}},{"start":{"line":33,"column":75},"end":{"line":33,"column":77}}]},"4":{"line":38,"type":"if","locations":[{"start":{"line":38,"column":2},"end":{"line":38,"column":2}},{"start":{"line":38,"column":2},"end":{"line":38,"column":2}}]}}},"/home/stephys/sw/proyectos/pruebasangular/habitapp/api/responses/serverError.js":{"path":"/home/stephys/sw/proyectos/pruebasangular/habitapp/api/responses/serverError.js","s":{"1":1,"2":0,"3":0,"4":0,"5":0,"6":0,"7":0,"8":0,"9":0,"10":0,"11":0,"12":0,"13":0,"14":0,"15":0,"16":0,"17":0,"18":0,"19":0,"20":0,"21":0,"22":0},"b":{"1":[0,0],"2":[0,0],"3":[0,0],"4":[0,0],"5":[0,0],"6":[0,0],"7":[0,0],"8":[0,0]},"f":{"1":0,"2":0},"fnMap":{"1":{"name":"serverError","line":15,"loc":{"start":{"line":15,"column":17},"end":{"line":15,"column":54}}},"2":{"name":"(anonymous_2)","line":56,"loc":{"start":{"line":56,"column":46},"end":{"line":56,"column":67}}}},"statementMap":{"1":{"start":{"line":15,"column":0},"end":{"line":76,"column":2}},"2":{"start":{"line":18,"column":2},"end":{"line":18,"column":21}},"3":{"start":{"line":19,"column":2},"end":{"line":19,"column":21}},"4":{"start":{"line":20,"column":2},"end":{"line":20,"column":25}},"5":{"start":{"line":23,"column":2},"end":{"line":23,"column":18}},"6":{"start":{"line":26,"column":2},"end":{"line":29,"column":70}},"7":{"start":{"line":27,"column":4},"end":{"line":27,"column":70}},"8":{"start":{"line":29,"column":7},"end":{"line":29,"column":70}},"9":{"start":{"line":34,"column":2},"end":{"line":36,"column":3}},"10":{"start":{"line":35,"column":4},"end":{"line":35,"column":21}},"11":{"start":{"line":39,"column":2},"end":{"line":41,"column":3}},"12":{"start":{"line":40,"column":4},"end":{"line":40,"column":27}},"13":{"start":{"line":45,"column":2},"end":{"line":45,"column":78}},"14":{"start":{"line":50,"column":2},"end":{"line":74,"column":5}},"15":{"start":{"line":51,"column":4},"end":{"line":51,"column":50}},"16":{"start":{"line":56,"column":7},"end":{"line":74,"column":5}},"17":{"start":{"line":59,"column":4},"end":{"line":71,"column":5}},"18":{"start":{"line":63,"column":6},"end":{"line":69,"column":7}},"19":{"start":{"line":64,"column":8},"end":{"line":64,"column":126}},"20":{"start":{"line":68,"column":8},"end":{"line":68,"column":147}},"21":{"start":{"line":70,"column":6},"end":{"line":70,"column":29}},"22":{"start":{"line":73,"column":4},"end":{"line":73,"column":26}}},"branchMap":{"1":{"line":26,"type":"if","locations":[{"start":{"line":26,"column":2},"end":{"line":26,"column":2}},{"start":{"line":26,"column":2},"end":{"line":26,"column":2}}]},"2":{"line":34,"type":"if","locations":[{"start":{"line":34,"column":2},"end":{"line":34,"column":2}},{"start":{"line":34,"column":2},"end":{"line":34,"column":2}}]},"3":{"line":39,"type":"if","locations":[{"start":{"line":39,"column":2},"end":{"line":39,"column":2}},{"start":{"line":39,"column":2},"end":{"line":39,"column":2}}]},"4":{"line":45,"type":"cond-expr","locations":[{"start":{"line":45,"column":44},"end":{"line":45,"column":61}},{"start":{"line":45,"column":64},"end":{"line":45,"column":77}}]},"5":{"line":45,"type":"binary-expr","locations":[{"start":{"line":45,"column":64},"end":{"line":45,"column":71}},{"start":{"line":45,"column":75},"end":{"line":45,"column":77}}]},"6":{"line":50,"type":"if","locations":[{"start":{"line":50,"column":2},"end":{"line":50,"column":2}},{"start":{"line":50,"column":2},"end":{"line":50,"column":2}}]},"7":{"line":59,"type":"if","locations":[{"start":{"line":59,"column":4},"end":{"line":59,"column":4}},{"start":{"line":59,"column":4},"end":{"line":59,"column":4}}]},"8":{"line":63,"type":"if","locations":[{"start":{"line":63,"column":6},"end":{"line":63,"column":6}},{"start":{"line":63,"column":6},"end":{"line":63,"column":6}}]}}},"/home/stephys/sw/proyectos/pruebasangular/habitapp/api/services/Errors.js":{"path":"/home/stephys/sw/proyectos/pruebasangular/habitapp/api/services/Errors.js","s":{"1":1,"2":0,"3":0,"4":0,"5":0,"6":0,"7":0,"8":1,"9":0,"10":0,"11":0,"12":0,"13":0},"b":{"1":[0,0],"2":[0,0,0],"3":[0,0],"4":[0,0,0]},"f":{"1":0,"2":0},"fnMap":{"1":{"name":"(anonymous_1)","line":1,"loc":{"start":{"line":1,"column":15},"end":{"line":1,"column":41}}},"2":{"name":"(anonymous_2)","line":14,"loc":{"start":{"line":14,"column":19},"end":{"line":14,"column":44}}}},"statementMap":{"1":{"start":{"line":1,"column":0},"end":{"line":12,"column":2}},"2":{"start":{"line":3,"column":4},"end":{"line":11,"column":5}},"3":{"start":{"line":4,"column":8},"end":{"line":4,"column":29}},"4":{"start":{"line":5,"column":8},"end":{"line":5,"column":30}},"5":{"start":{"line":6,"column":8},"end":{"line":6,"column":25}},"6":{"start":{"line":8,"column":8},"end":{"line":8,"column":25}},"7":{"start":{"line":10,"column":8},"end":{"line":10,"column":20}},"8":{"start":{"line":14,"column":0},"end":{"line":29,"column":2}},"9":{"start":{"line":16,"column":4},"end":{"line":28,"column":5}},"10":{"start":{"line":17,"column":8},"end":{"line":20,"column":9}},"11":{"start":{"line":21,"column":8},"end":{"line":21,"column":24}},"12":{"start":{"line":23,"column":8},"end":{"line":26,"column":5}},"13":{"start":{"line":27,"column":4},"end":{"line":27,"column":20}}},"branchMap":{"1":{"line":3,"type":"if","locations":[{"start":{"line":3,"column":4},"end":{"line":3,"column":4}},{"start":{"line":3,"column":4},"end":{"line":3,"column":4}}]},"2":{"line":3,"type":"binary-expr","locations":[{"start":{"line":3,"column":8},"end":{"line":3,"column":30}},{"start":{"line":3,"column":34},"end":{"line":3,"column":51}},{"start":{"line":3,"column":55},"end":{"line":3,"column":70}}]},"3":{"line":16,"type":"if","locations":[{"start":{"line":16,"column":4},"end":{"line":16,"column":4}},{"start":{"line":16,"column":4},"end":{"line":16,"column":4}}]},"4":{"line":16,"type":"binary-expr","locations":[{"start":{"line":16,"column":8},"end":{"line":16,"column":30}},{"start":{"line":16,"column":34},"end":{"line":16,"column":51}},{"start":{"line":16,"column":55},"end":{"line":16,"column":70}}]}}},"/home/stephys/sw/proyectos/pruebasangular/habitapp/api/services/GetDate.js":{"path":"/home/stephys/sw/proyectos/pruebasangular/habitapp/api/services/GetDate.js","s":{"1":1,"2":0,"3":0,"4":0,"5":0,"6":0,"7":1,"8":0,"9":0,"10":0,"11":0,"12":0,"13":0,"14":0,"15":1,"16":0,"17":0,"18":0,"19":0,"20":0,"21":0,"22":0,"23":0,"24":0,"25":0,"26":1,"27":0,"28":0,"29":0,"30":0,"31":0,"32":0,"33":0,"34":0,"35":0,"36":0,"37":0,"38":0,"39":0,"40":0,"41":0,"42":0,"43":0,"44":0,"45":0,"46":0,"47":0,"48":0,"49":0,"50":0,"51":0,"52":0,"53":0,"54":1,"55":0,"56":0,"57":0,"58":0,"59":1,"60":0,"61":0,"62":0,"63":0},"b":{"1":[0,0],"2":[0,0],"3":[0,0],"4":[0,0],"5":[0,0,0,0,0,0,0,0,0,0,0,0,0],"6":[0,0],"7":[0,0]},"f":{"1":0,"2":0,"3":0,"4":0,"5":0,"6":0},"fnMap":{"1":{"name":"(anonymous_1)","line":7,"loc":{"start":{"line":7,"column":19},"end":{"line":7,"column":39}}},"2":{"name":"(anonymous_2)","line":21,"loc":{"start":{"line":21,"column":15},"end":{"line":21,"column":30}}},"3":{"name":"(anonymous_3)","line":38,"loc":{"start":{"line":38,"column":15},"end":{"line":38,"column":30}}},"4":{"name":"(anonymous_4)","line":61,"loc":{"start":{"line":61,"column":16},"end":{"line":61,"column":36}}},"5":{"name":"(anonymous_5)","line":106,"loc":{"start":{"line":106,"column":14},"end":{"line":106,"column":29}}},"6":{"name":"(anonymous_6)","line":119,"loc":{"start":{"line":119,"column":22},"end":{"line":119,"column":37}}}},"statementMap":{"1":{"start":{"line":7,"column":0},"end":{"line":15,"column":2}},"2":{"start":{"line":9,"column":1},"end":{"line":9,"column":36}},"3":{"start":{"line":10,"column":1},"end":{"line":10,"column":34}},"4":{"start":{"line":11,"column":1},"end":{"line":11,"column":30}},"5":{"start":{"line":12,"column":4},"end":{"line":12,"column":37}},"6":{"start":{"line":14,"column":4},"end":{"line":14,"column":45}},"7":{"start":{"line":21,"column":0},"end":{"line":33,"column":2}},"8":{"start":{"line":22,"column":4},"end":{"line":22,"column":31}},"9":{"start":{"line":23,"column":4},"end":{"line":23,"column":36}},"10":{"start":{"line":25,"column":4},"end":{"line":25,"column":24}},"11":{"start":{"line":26,"column":4},"end":{"line":30,"column":5}},"12":{"start":{"line":27,"column":8},"end":{"line":27,"column":49}},"13":{"start":{"line":29,"column":8},"end":{"line":29,"column":42}},"14":{"start":{"line":31,"column":4},"end":{"line":31,"column":22}},"15":{"start":{"line":38,"column":0},"end":{"line":55,"column":2}},"16":{"start":{"line":40,"column":4},"end":{"line":40,"column":29}},"17":{"start":{"line":41,"column":4},"end":{"line":41,"column":36}},"18":{"start":{"line":42,"column":4},"end":{"line":42,"column":34}},"19":{"start":{"line":43,"column":4},"end":{"line":43,"column":24}},"20":{"start":{"line":44,"column":4},"end":{"line":46,"column":5}},"21":{"start":{"line":45,"column":8},"end":{"line":45,"column":20}},"22":{"start":{"line":47,"column":4},"end":{"line":49,"column":5}},"23":{"start":{"line":48,"column":8},"end":{"line":48,"column":28}},"24":{"start":{"line":51,"column":8},"end":{"line":51,"column":52}},"25":{"start":{"line":53,"column":4},"end":{"line":53,"column":22}},"26":{"start":{"line":61,"column":0},"end":{"line":104,"column":2}},"27":{"start":{"line":63,"column":4},"end":{"line":103,"column":5}},"28":{"start":{"line":65,"column":12},"end":{"line":65,"column":27}},"29":{"start":{"line":66,"column":12},"end":{"line":66,"column":18}},"30":{"start":{"line":68,"column":12},"end":{"line":68,"column":29}},"31":{"start":{"line":69,"column":12},"end":{"line":69,"column":18}},"32":{"start":{"line":71,"column":12},"end":{"line":71,"column":27}},"33":{"start":{"line":72,"column":12},"end":{"line":72,"column":18}},"34":{"start":{"line":74,"column":12},"end":{"line":74,"column":27}},"35":{"start":{"line":75,"column":12},"end":{"line":75,"column":18}},"36":{"start":{"line":77,"column":12},"end":{"line":77,"column":26}},"37":{"start":{"line":78,"column":12},"end":{"line":78,"column":18}},"38":{"start":{"line":80,"column":12},"end":{"line":80,"column":27}},"39":{"start":{"line":81,"column":12},"end":{"line":81,"column":18}},"40":{"start":{"line":83,"column":12},"end":{"line":83,"column":27}},"41":{"start":{"line":84,"column":12},"end":{"line":84,"column":18}},"42":{"start":{"line":86,"column":12},"end":{"line":86,"column":28}},"43":{"start":{"line":87,"column":12},"end":{"line":87,"column":18}},"44":{"start":{"line":89,"column":12},"end":{"line":89,"column":32}},"45":{"start":{"line":90,"column":12},"end":{"line":90,"column":18}},"46":{"start":{"line":92,"column":12},"end":{"line":92,"column":29}},"47":{"start":{"line":93,"column":12},"end":{"line":93,"column":18}},"48":{"start":{"line":95,"column":12},"end":{"line":95,"column":31}},"49":{"start":{"line":96,"column":12},"end":{"line":96,"column":18}},"50":{"start":{"line":98,"column":12},"end":{"line":98,"column":31}},"51":{"start":{"line":99,"column":12},"end":{"line":99,"column":18}},"52":{"start":{"line":101,"column":9},"end":{"line":101,"column":24}},"53":{"start":{"line":102,"column":9},"end":{"line":102,"column":15}},"54":{"start":{"line":106,"column":0},"end":{"line":117,"column":2}},"55":{"start":{"line":108,"column":4},"end":{"line":108,"column":29}},"56":{"start":{"line":110,"column":4},"end":{"line":114,"column":5}},"57":{"start":{"line":111,"column":8},"end":{"line":111,"column":27}},"58":{"start":{"line":113,"column":6},"end":{"line":113,"column":17}},"59":{"start":{"line":119,"column":0},"end":{"line":130,"column":2}},"60":{"start":{"line":121,"column":4},"end":{"line":121,"column":36}},"61":{"start":{"line":123,"column":4},"end":{"line":127,"column":5}},"62":{"start":{"line":124,"column":8},"end":{"line":124,"column":29}},"63":{"start":{"line":126,"column":6},"end":{"line":126,"column":19}}},"branchMap":{"1":{"line":26,"type":"if","locations":[{"start":{"line":26,"column":4},"end":{"line":26,"column":4}},{"start":{"line":26,"column":4},"end":{"line":26,"column":4}}]},"2":{"line":26,"type":"binary-expr","locations":[{"start":{"line":26,"column":8},"end":{"line":26,"column":20}},{"start":{"line":26,"column":24},"end":{"line":26,"column":33}}]},"3":{"line":44,"type":"if","locations":[{"start":{"line":44,"column":4},"end":{"line":44,"column":4}},{"start":{"line":44,"column":4},"end":{"line":44,"column":4}}]},"4":{"line":47,"type":"if","locations":[{"start":{"line":47,"column":4},"end":{"line":47,"column":4}},{"start":{"line":47,"column":4},"end":{"line":47,"column":4}}]},"5":{"line":63,"type":"switch","locations":[{"start":{"line":64,"column":8},"end":{"line":66,"column":18}},{"start":{"line":67,"column":8},"end":{"line":69,"column":18}},{"start":{"line":70,"column":8},"end":{"line":72,"column":18}},{"start":{"line":73,"column":8},"end":{"line":75,"column":18}},{"start":{"line":76,"column":8},"end":{"line":78,"column":18}},{"start":{"line":79,"column":8},"end":{"line":81,"column":18}},{"start":{"line":82,"column":8},"end":{"line":84,"column":18}},{"start":{"line":85,"column":8},"end":{"line":87,"column":18}},{"start":{"line":88,"column":8},"end":{"line":90,"column":18}},{"start":{"line":91,"column":8},"end":{"line":93,"column":18}},{"start":{"line":94,"column":8},"end":{"line":96,"column":18}},{"start":{"line":97,"column":8},"end":{"line":99,"column":18}},{"start":{"line":100,"column":8},"end":{"line":102,"column":15}}]},"6":{"line":110,"type":"if","locations":[{"start":{"line":110,"column":4},"end":{"line":110,"column":4}},{"start":{"line":110,"column":4},"end":{"line":110,"column":4}}]},"7":{"line":123,"type":"if","locations":[{"start":{"line":123,"column":4},"end":{"line":123,"column":4}},{"start":{"line":123,"column":4},"end":{"line":123,"column":4}}]}}},"/home/stephys/sw/proyectos/pruebasangular/habitapp/api/services/Image.js":{"path":"/home/stephys/sw/proyectos/pruebasangular/habitapp/api/services/Image.js","s":{"1":1,"2":0,"3":0,"4":0,"5":0,"6":0,"7":0,"8":0,"9":0,"10":0,"11":0,"12":1,"13":0,"14":0,"15":0,"16":0,"17":0,"18":0,"19":0,"20":0,"21":0,"22":0,"23":0,"24":0,"25":0,"26":0},"b":{"1":[0,0],"2":[0,0],"3":[0,0]},"f":{"1":0,"2":0,"3":0,"4":0},"fnMap":{"1":{"name":"(anonymous_1)","line":10,"loc":{"start":{"line":10,"column":20},"end":{"line":10,"column":61}}},"2":{"name":"onUploadComplete","line":20,"loc":{"start":{"line":20,"column":7},"end":{"line":20,"column":45}}},"3":{"name":"(anonymous_3)","line":43,"loc":{"start":{"line":43,"column":17},"end":{"line":43,"column":49}}},"4":{"name":"(anonymous_4)","line":57,"loc":{"start":{"line":57,"column":69},"end":{"line":57,"column":83}}}},"statementMap":{"1":{"start":{"line":10,"column":0},"end":{"line":35,"column":2}},"2":{"start":{"line":13,"column":4},"end":{"line":13,"column":25}},"3":{"start":{"line":14,"column":4},"end":{"line":14,"column":68}},"4":{"start":{"line":15,"column":4},"end":{"line":15,"column":37}},"5":{"start":{"line":17,"column":4},"end":{"line":32,"column":7}},"6":{"start":{"line":21,"column":8},"end":{"line":24,"column":9}},"7":{"start":{"line":22,"column":12},"end":{"line":22,"column":34}},"8":{"start":{"line":23,"column":12},"end":{"line":23,"column":40}},"9":{"start":{"line":26,"column":8},"end":{"line":30,"column":9}},"10":{"start":{"line":27,"column":12},"end":{"line":27,"column":98}},"11":{"start":{"line":29,"column":12},"end":{"line":29,"column":98}},"12":{"start":{"line":43,"column":0},"end":{"line":66,"column":2}},"13":{"start":{"line":47,"column":4},"end":{"line":47,"column":31}},"14":{"start":{"line":48,"column":4},"end":{"line":48,"column":32}},"15":{"start":{"line":49,"column":4},"end":{"line":49,"column":34}},"16":{"start":{"line":50,"column":4},"end":{"line":50,"column":37}},"17":{"start":{"line":51,"column":4},"end":{"line":51,"column":32}},"18":{"start":{"line":52,"column":4},"end":{"line":54,"column":5}},"19":{"start":{"line":53,"column":8},"end":{"line":53,"column":40}},"20":{"start":{"line":55,"column":4},"end":{"line":55,"column":42}},"21":{"start":{"line":56,"column":4},"end":{"line":56,"column":38}},"22":{"start":{"line":57,"column":4},"end":{"line":64,"column":7}},"23":{"start":{"line":58,"column":8},"end":{"line":61,"column":9}},"24":{"start":{"line":59,"column":12},"end":{"line":59,"column":29}},"25":{"start":{"line":60,"column":12},"end":{"line":60,"column":19}},"26":{"start":{"line":62,"column":8},"end":{"line":62,"column":32}}},"branchMap":{"1":{"line":21,"type":"if","locations":[{"start":{"line":21,"column":8},"end":{"line":21,"column":8}},{"start":{"line":21,"column":8},"end":{"line":21,"column":8}}]},"2":{"line":26,"type":"if","locations":[{"start":{"line":26,"column":8},"end":{"line":26,"column":8}},{"start":{"line":26,"column":8},"end":{"line":26,"column":8}}]},"3":{"line":58,"type":"if","locations":[{"start":{"line":58,"column":8},"end":{"line":58,"column":8}},{"start":{"line":58,"column":8},"end":{"line":58,"column":8}}]}}},"/home/stephys/sw/proyectos/pruebasangular/habitapp/api/services/Random.js":{"path":"/home/stephys/sw/proyectos/pruebasangular/habitapp/api/services/Random.js","s":{"1":1,"2":0,"3":0,"4":0,"5":0},"b":{},"f":{"1":0},"fnMap":{"1":{"name":"(anonymous_1)","line":1,"loc":{"start":{"line":1,"column":16},"end":{"line":1,"column":27}}}},"statementMap":{"1":{"start":{"line":1,"column":0},"end":{"line":7,"column":2}},"2":{"start":{"line":2,"column":1},"end":{"line":2,"column":15}},"3":{"start":{"line":3,"column":1},"end":{"line":5,"column":2}},"4":{"start":{"line":4,"column":2},"end":{"line":4,"column":52}},"5":{"start":{"line":6,"column":4},"end":{"line":6,"column":18}}},"branchMap":{}},"/home/stephys/sw/proyectos/pruebasangular/habitapp/api/services/Response.js":{"path":"/home/stephys/sw/proyectos/pruebasangular/habitapp/api/services/Response.js","s":{"1":1,"2":1,"3":0,"4":0,"5":0,"6":1,"7":1,"8":0,"9":0},"b":{"1":[0,1],"2":[1,1,1]},"f":{"1":1,"2":0},"fnMap":{"1":{"name":"(anonymous_1)","line":5,"loc":{"start":{"line":5,"column":15},"end":{"line":5,"column":41}}},"2":{"name":"(anonymous_2)","line":20,"loc":{"start":{"line":20,"column":15},"end":{"line":20,"column":40}}}},"statementMap":{"1":{"start":{"line":5,"column":0},"end":{"line":15,"column":2}},"2":{"start":{"line":7,"column":4},"end":{"line":14,"column":5}},"3":{"start":{"line":8,"column":8},"end":{"line":8,"column":30}},"4":{"start":{"line":9,"column":8},"end":{"line":9,"column":25}},"5":{"start":{"line":11,"column":8},"end":{"line":11,"column":25}},"6":{"start":{"line":13,"column":8},"end":{"line":13,"column":20}},"7":{"start":{"line":20,"column":0},"end":{"line":26,"column":2}},"8":{"start":{"line":21,"column":4},"end":{"line":24,"column":5}},"9":{"start":{"line":25,"column":4},"end":{"line":25,"column":20}}},"branchMap":{"1":{"line":7,"type":"if","locations":[{"start":{"line":7,"column":4},"end":{"line":7,"column":4}},{"start":{"line":7,"column":4},"end":{"line":7,"column":4}}]},"2":{"line":7,"type":"binary-expr","locations":[{"start":{"line":7,"column":8},"end":{"line":7,"column":30}},{"start":{"line":7,"column":34},"end":{"line":7,"column":51}},{"start":{"line":7,"column":55},"end":{"line":7,"column":70}}]}}},"/home/stephys/sw/proyectos/pruebasangular/habitapp/api/services/SendEmail.js":{"path":"/home/stephys/sw/proyectos/pruebasangular/habitapp/api/services/SendEmail.js","s":{"1":1,"2":0,"3":0,"4":0,"5":0,"6":0,"7":0,"8":0,"9":1,"10":0,"11":0,"12":0,"13":0,"14":0,"15":0,"16":0,"17":1,"18":0,"19":0,"20":0,"21":0,"22":0,"23":0,"24":0,"25":0,"26":0,"27":0,"28":1,"29":0,"30":0,"31":0,"32":0,"33":0,"34":0,"35":0,"36":0,"37":0,"38":0},"b":{"1":[0,0],"2":[0,0],"3":[0,0],"4":[0,0]},"f":{"1":0,"2":0,"3":0,"4":0,"5":0,"6":0,"7":0,"8":0},"fnMap":{"1":{"name":"(anonymous_1)","line":10,"loc":{"start":{"line":10,"column":20},"end":{"line":10,"column":54}}},"2":{"name":"(anonymous_2)","line":30,"loc":{"start":{"line":30,"column":40},"end":{"line":30,"column":66}}},"3":{"name":"(anonymous_3)","line":40,"loc":{"start":{"line":40,"column":26},"end":{"line":40,"column":60}}},"4":{"name":"(anonymous_4)","line":60,"loc":{"start":{"line":60,"column":40},"end":{"line":60,"column":66}}},"5":{"name":"(anonymous_5)","line":72,"loc":{"start":{"line":72,"column":25},"end":{"line":72,"column":73}}},"6":{"name":"(anonymous_6)","line":97,"loc":{"start":{"line":97,"column":40},"end":{"line":97,"column":66}}},"7":{"name":"(anonymous_7)","line":107,"loc":{"start":{"line":107,"column":30},"end":{"line":107,"column":79}}},"8":{"name":"(anonymous_8)","line":132,"loc":{"start":{"line":132,"column":40},"end":{"line":132,"column":66}}}},"statementMap":{"1":{"start":{"line":10,"column":0},"end":{"line":38,"column":2}},"2":{"start":{"line":12,"column":4},"end":{"line":12,"column":43}},"3":{"start":{"line":14,"column":4},"end":{"line":20,"column":7}},"4":{"start":{"line":22,"column":4},"end":{"line":28,"column":6}},"5":{"start":{"line":30,"column":4},"end":{"line":36,"column":7}},"6":{"start":{"line":31,"column":8},"end":{"line":35,"column":9}},"7":{"start":{"line":32,"column":12},"end":{"line":32,"column":31}},"8":{"start":{"line":34,"column":12},"end":{"line":34,"column":61}},"9":{"start":{"line":40,"column":0},"end":{"line":68,"column":2}},"10":{"start":{"line":42,"column":4},"end":{"line":42,"column":43}},"11":{"start":{"line":44,"column":4},"end":{"line":50,"column":7}},"12":{"start":{"line":52,"column":4},"end":{"line":58,"column":6}},"13":{"start":{"line":60,"column":4},"end":{"line":66,"column":7}},"14":{"start":{"line":61,"column":8},"end":{"line":65,"column":9}},"15":{"start":{"line":62,"column":12},"end":{"line":62,"column":31}},"16":{"start":{"line":64,"column":12},"end":{"line":64,"column":61}},"17":{"start":{"line":72,"column":0},"end":{"line":105,"column":2}},"18":{"start":{"line":74,"column":4},"end":{"line":74,"column":43}},"19":{"start":{"line":76,"column":4},"end":{"line":82,"column":7}},"20":{"start":{"line":84,"column":8},"end":{"line":84,"column":87}},"21":{"start":{"line":85,"column":8},"end":{"line":85,"column":70}},"22":{"start":{"line":86,"column":8},"end":{"line":86,"column":26}},"23":{"start":{"line":88,"column":4},"end":{"line":95,"column":6}},"24":{"start":{"line":97,"column":4},"end":{"line":103,"column":7}},"25":{"start":{"line":98,"column":8},"end":{"line":102,"column":9}},"26":{"start":{"line":99,"column":12},"end":{"line":99,"column":31}},"27":{"start":{"line":101,"column":12},"end":{"line":101,"column":61}},"28":{"start":{"line":107,"column":0},"end":{"line":140,"column":2}},"29":{"start":{"line":109,"column":4},"end":{"line":109,"column":43}},"30":{"start":{"line":111,"column":4},"end":{"line":117,"column":7}},"31":{"start":{"line":119,"column":8},"end":{"line":119,"column":91}},"32":{"start":{"line":120,"column":8},"end":{"line":120,"column":74}},"33":{"start":{"line":121,"column":8},"end":{"line":121,"column":26}},"34":{"start":{"line":123,"column":4},"end":{"line":130,"column":6}},"35":{"start":{"line":132,"column":4},"end":{"line":138,"column":7}},"36":{"start":{"line":133,"column":8},"end":{"line":137,"column":9}},"37":{"start":{"line":134,"column":12},"end":{"line":134,"column":31}},"38":{"start":{"line":136,"column":12},"end":{"line":136,"column":61}}},"branchMap":{"1":{"line":31,"type":"if","locations":[{"start":{"line":31,"column":8},"end":{"line":31,"column":8}},{"start":{"line":31,"column":8},"end":{"line":31,"column":8}}]},"2":{"line":61,"type":"if","locations":[{"start":{"line":61,"column":8},"end":{"line":61,"column":8}},{"start":{"line":61,"column":8},"end":{"line":61,"column":8}}]},"3":{"line":98,"type":"if","locations":[{"start":{"line":98,"column":8},"end":{"line":98,"column":8}},{"start":{"line":98,"column":8},"end":{"line":98,"column":8}}]},"4":{"line":133,"type":"if","locations":[{"start":{"line":133,"column":8},"end":{"line":133,"column":8}},{"start":{"line":133,"column":8},"end":{"line":133,"column":8}}]}}},"/home/stephys/sw/proyectos/pruebasangular/habitapp/api/services/Validations.js":{"path":"/home/stephys/sw/proyectos/pruebasangular/habitapp/api/services/Validations.js","s":{"1":1,"2":4,"3":4,"4":2,"5":2,"6":4,"7":1,"8":1,"9":0,"10":1,"11":1,"12":0,"13":0,"14":0},"b":{"1":[2,2],"2":[4,2],"3":[0,1],"4":[1,1],"5":[0,0],"6":[0,0,0]},"f":{"1":4,"2":1,"3":0},"fnMap":{"1":{"name":"(anonymous_1)","line":3,"loc":{"start":{"line":3,"column":17},"end":{"line":3,"column":37}}},"2":{"name":"(anonymous_2)","line":17,"loc":{"start":{"line":17,"column":17},"end":{"line":17,"column":46}}},"3":{"name":"(anonymous_3)","line":30,"loc":{"start":{"line":30,"column":25},"end":{"line":30,"column":66}}}},"statementMap":{"1":{"start":{"line":3,"column":0},"end":{"line":12,"column":2}},"2":{"start":{"line":5,"column":4},"end":{"line":5,"column":15}},"3":{"start":{"line":6,"column":4},"end":{"line":10,"column":5}},"4":{"start":{"line":7,"column":8},"end":{"line":7,"column":23}},"5":{"start":{"line":9,"column":8},"end":{"line":9,"column":27}},"6":{"start":{"line":11,"column":4},"end":{"line":11,"column":18}},"7":{"start":{"line":17,"column":0},"end":{"line":25,"column":2}},"8":{"start":{"line":19,"column":4},"end":{"line":23,"column":5}},"9":{"start":{"line":20,"column":8},"end":{"line":20,"column":20}},"10":{"start":{"line":22,"column":8},"end":{"line":22,"column":21}},"11":{"start":{"line":30,"column":0},"end":{"line":37,"column":2}},"12":{"start":{"line":32,"column":4},"end":{"line":34,"column":5}},"13":{"start":{"line":33,"column":8},"end":{"line":33,"column":19}},"14":{"start":{"line":35,"column":4},"end":{"line":35,"column":17}}},"branchMap":{"1":{"line":6,"type":"if","locations":[{"start":{"line":6,"column":4},"end":{"line":6,"column":4}},{"start":{"line":6,"column":4},"end":{"line":6,"column":4}}]},"2":{"line":6,"type":"binary-expr","locations":[{"start":{"line":6,"column":8},"end":{"line":6,"column":18}},{"start":{"line":6,"column":22},"end":{"line":6,"column":37}}]},"3":{"line":19,"type":"if","locations":[{"start":{"line":19,"column":4},"end":{"line":19,"column":4}},{"start":{"line":19,"column":4},"end":{"line":19,"column":4}}]},"4":{"line":19,"type":"binary-expr","locations":[{"start":{"line":19,"column":8},"end":{"line":19,"column":27}},{"start":{"line":19,"column":31},"end":{"line":19,"column":50}}]},"5":{"line":32,"type":"if","locations":[{"start":{"line":32,"column":4},"end":{"line":32,"column":4}},{"start":{"line":32,"column":4},"end":{"line":32,"column":4}}]},"6":{"line":32,"type":"binary-expr","locations":[{"start":{"line":32,"column":8},"end":{"line":32,"column":17}},{"start":{"line":32,"column":21},"end":{"line":32,"column":42}},{"start":{"line":32,"column":46},"end":{"line":32,"column":78}}]}}},"/home/stephys/sw/proyectos/pruebasangular/habitapp/api/models/Admin.js":{"path":"/home/stephys/sw/proyectos/pruebasangular/habitapp/api/models/Admin.js","s":{"1":1,"2":0,"3":0,"4":0,"5":0,"6":0,"7":0,"8":0,"9":0,"10":0,"11":0,"12":0,"13":0,"14":0,"15":0,"16":0,"17":0},"b":{"1":[0,0],"2":[0,0,0]},"f":{"1":0,"2":0,"3":0},"fnMap":{"1":{"name":"(anonymous_1)","line":51,"loc":{"start":{"line":51,"column":16},"end":{"line":51,"column":27}}},"2":{"name":"(anonymous_2)","line":64,"loc":{"start":{"line":64,"column":18},"end":{"line":64,"column":41}}},"3":{"name":"passwordEncrypted","line":76,"loc":{"start":{"line":76,"column":48},"end":{"line":76,"column":99}}}},"statementMap":{"1":{"start":{"line":8,"column":0},"end":{"line":86,"column":2}},"2":{"start":{"line":52,"column":12},"end":{"line":52,"column":38}},"3":{"start":{"line":53,"column":12},"end":{"line":53,"column":32}},"4":{"start":{"line":54,"column":12},"end":{"line":54,"column":29}},"5":{"start":{"line":55,"column":12},"end":{"line":55,"column":44}},"6":{"start":{"line":56,"column":12},"end":{"line":56,"column":41}},"7":{"start":{"line":57,"column":12},"end":{"line":57,"column":23}},"8":{"start":{"line":65,"column":8},"end":{"line":65,"column":39}},"9":{"start":{"line":66,"column":8},"end":{"line":66,"column":63}},"10":{"start":{"line":67,"column":8},"end":{"line":74,"column":9}},"11":{"start":{"line":68,"column":12},"end":{"line":70,"column":13}},"12":{"start":{"line":71,"column":12},"end":{"line":73,"column":15}},"13":{"start":{"line":76,"column":8},"end":{"line":82,"column":11}},"14":{"start":{"line":77,"column":12},"end":{"line":77,"column":35}},"15":{"start":{"line":78,"column":12},"end":{"line":78,"column":47}},"16":{"start":{"line":79,"column":12},"end":{"line":79,"column":57}},"17":{"start":{"line":81,"column":12},"end":{"line":81,"column":19}}},"branchMap":{"1":{"line":67,"type":"if","locations":[{"start":{"line":67,"column":8},"end":{"line":67,"column":8}},{"start":{"line":67,"column":8},"end":{"line":67,"column":8}}]},"2":{"line":67,"type":"binary-expr","locations":[{"start":{"line":67,"column":12},"end":{"line":67,"column":21}},{"start":{"line":67,"column":25},"end":{"line":67,"column":46}},{"start":{"line":67,"column":50},"end":{"line":67,"column":82}}]}}},"/home/stephys/sw/proyectos/pruebasangular/habitapp/api/models/Category.js":{"path":"/home/stephys/sw/proyectos/pruebasangular/habitapp/api/models/Category.js","s":{"1":1},"b":{},"f":{},"fnMap":{},"statementMap":{"1":{"start":{"line":8,"column":0},"end":{"line":28,"column":2}}},"branchMap":{}},"/home/stephys/sw/proyectos/pruebasangular/habitapp/api/models/City.js":{"path":"/home/stephys/sw/proyectos/pruebasangular/habitapp/api/models/City.js","s":{"1":1},"b":{},"f":{},"fnMap":{},"statementMap":{"1":{"start":{"line":8,"column":0},"end":{"line":37,"column":2}}},"branchMap":{}},"/home/stephys/sw/proyectos/pruebasangular/habitapp/api/models/Country.js":{"path":"/home/stephys/sw/proyectos/pruebasangular/habitapp/api/models/Country.js","s":{"1":1},"b":{},"f":{},"fnMap":{},"statementMap":{"1":{"start":{"line":8,"column":0},"end":{"line":33,"column":2}}},"branchMap":{}},"/home/stephys/sw/proyectos/pruebasangular/habitapp/api/models/Email.js":{"path":"/home/stephys/sw/proyectos/pruebasangular/habitapp/api/models/Email.js","s":{"1":1},"b":{},"f":{},"fnMap":{},"statementMap":{"1":{"start":{"line":8,"column":0},"end":{"line":37,"column":2}}},"branchMap":{}},"/home/stephys/sw/proyectos/pruebasangular/habitapp/api/models/Establishment.js":{"path":"/home/stephys/sw/proyectos/pruebasangular/habitapp/api/models/Establishment.js","s":{"1":1},"b":{},"f":{},"fnMap":{},"statementMap":{"1":{"start":{"line":8,"column":0},"end":{"line":47,"column":2}}},"branchMap":{}},"/home/stephys/sw/proyectos/pruebasangular/habitapp/api/models/HomePage.js":{"path":"/home/stephys/sw/proyectos/pruebasangular/habitapp/api/models/HomePage.js","s":{"1":1},"b":{},"f":{},"fnMap":{},"statementMap":{"1":{"start":{"line":8,"column":0},"end":{"line":20,"column":2}}},"branchMap":{}},"/home/stephys/sw/proyectos/pruebasangular/habitapp/api/models/Location.js":{"path":"/home/stephys/sw/proyectos/pruebasangular/habitapp/api/models/Location.js","s":{"1":1},"b":{},"f":{},"fnMap":{},"statementMap":{"1":{"start":{"line":8,"column":0},"end":{"line":42,"column":2}}},"branchMap":{}},"/home/stephys/sw/proyectos/pruebasangular/habitapp/api/models/ResetPassword.js":{"path":"/home/stephys/sw/proyectos/pruebasangular/habitapp/api/models/ResetPassword.js","s":{"1":1},"b":{},"f":{},"fnMap":{},"statementMap":{"1":{"start":{"line":8,"column":0},"end":{"line":22,"column":2}}},"branchMap":{}},"/home/stephys/sw/proyectos/pruebasangular/habitapp/api/models/Sale.js":{"path":"/home/stephys/sw/proyectos/pruebasangular/habitapp/api/models/Sale.js","s":{"1":1},"b":{},"f":{},"fnMap":{},"statementMap":{"1":{"start":{"line":8,"column":0},"end":{"line":30,"column":2}}},"branchMap":{}},"/home/stephys/sw/proyectos/pruebasangular/habitapp/api/models/State.js":{"path":"/home/stephys/sw/proyectos/pruebasangular/habitapp/api/models/State.js","s":{"1":1},"b":{},"f":{},"fnMap":{},"statementMap":{"1":{"start":{"line":8,"column":0},"end":{"line":31,"column":2}}},"branchMap":{}},"/home/stephys/sw/proyectos/pruebasangular/habitapp/api/models/User.js":{"path":"/home/stephys/sw/proyectos/pruebasangular/habitapp/api/models/User.js","s":{"1":1,"2":6,"3":6,"4":6,"5":6,"6":6,"7":6,"8":1,"9":1,"10":1,"11":0,"12":0,"13":1,"14":1,"15":1,"16":1,"17":1},"b":{"1":[0,1],"2":[1,1,1]},"f":{"1":6,"2":1,"3":1},"fnMap":{"1":{"name":"(anonymous_1)","line":63,"loc":{"start":{"line":63,"column":16},"end":{"line":63,"column":27}}},"2":{"name":"(anonymous_2)","line":76,"loc":{"start":{"line":76,"column":18},"end":{"line":76,"column":41}}},"3":{"name":"passwordEncrypted","line":88,"loc":{"start":{"line":88,"column":48},"end":{"line":88,"column":99}}}},"statementMap":{"1":{"start":{"line":8,"column":0},"end":{"line":97,"column":2}},"2":{"start":{"line":64,"column":12},"end":{"line":64,"column":38}},"3":{"start":{"line":65,"column":12},"end":{"line":65,"column":32}},"4":{"start":{"line":66,"column":12},"end":{"line":66,"column":29}},"5":{"start":{"line":67,"column":12},"end":{"line":67,"column":44}},"6":{"start":{"line":68,"column":12},"end":{"line":68,"column":41}},"7":{"start":{"line":69,"column":12},"end":{"line":69,"column":23}},"8":{"start":{"line":77,"column":8},"end":{"line":77,"column":39}},"9":{"start":{"line":78,"column":8},"end":{"line":78,"column":63}},"10":{"start":{"line":79,"column":8},"end":{"line":86,"column":9}},"11":{"start":{"line":80,"column":12},"end":{"line":82,"column":13}},"12":{"start":{"line":83,"column":12},"end":{"line":85,"column":15}},"13":{"start":{"line":88,"column":8},"end":{"line":94,"column":11}},"14":{"start":{"line":89,"column":12},"end":{"line":89,"column":35}},"15":{"start":{"line":90,"column":12},"end":{"line":90,"column":47}},"16":{"start":{"line":91,"column":12},"end":{"line":91,"column":57}},"17":{"start":{"line":93,"column":12},"end":{"line":93,"column":19}}},"branchMap":{"1":{"line":79,"type":"if","locations":[{"start":{"line":79,"column":8},"end":{"line":79,"column":8}},{"start":{"line":79,"column":8},"end":{"line":79,"column":8}}]},"2":{"line":79,"type":"binary-expr","locations":[{"start":{"line":79,"column":12},"end":{"line":79,"column":21}},{"start":{"line":79,"column":25},"end":{"line":79,"column":46}},{"start":{"line":79,"column":50},"end":{"line":79,"column":82}}]}}},"/home/stephys/sw/proyectos/pruebasangular/habitapp/api/models/UserLogin.js":{"path":"/home/stephys/sw/proyectos/pruebasangular/habitapp/api/models/UserLogin.js","s":{"1":1},"b":{},"f":{},"fnMap":{},"statementMap":{"1":{"start":{"line":8,"column":0},"end":{"line":18,"column":2}}},"branchMap":{}},"/home/stephys/sw/proyectos/pruebasangular/habitapp/api/controllers/AdminController.js":{"path":"/home/stephys/sw/proyectos/pruebasangular/habitapp/api/controllers/AdminController.js","s":{"1":1,"2":0,"3":0,"4":0,"5":0,"6":0,"7":0,"8":0,"9":0,"10":0,"11":0,"12":0,"13":0,"14":0,"15":0,"16":0,"17":0,"18":0,"19":0,"20":0,"21":0,"22":0,"23":0,"24":0,"25":0,"26":0,"27":0,"28":0,"29":0,"30":0,"31":0,"32":0,"33":0,"34":0,"35":0,"36":0,"37":0,"38":0,"39":0,"40":0,"41":0,"42":0,"43":0,"44":0,"45":0,"46":0,"47":0,"48":0,"49":0,"50":0,"51":0,"52":0,"53":0,"54":0,"55":0,"56":0,"57":0,"58":0,"59":0,"60":0,"61":0,"62":0,"63":0,"64":0,"65":0,"66":0,"67":0,"68":0,"69":0,"70":0,"71":0,"72":0,"73":0,"74":0,"75":0,"76":0,"77":0,"78":0,"79":0,"80":0,"81":0,"82":0,"83":0,"84":0,"85":0,"86":0,"87":0,"88":0,"89":0,"90":0,"91":0,"92":0,"93":0,"94":0,"95":0,"96":0,"97":0,"98":0,"99":0,"100":0,"101":0,"102":0,"103":0,"104":0,"105":0,"106":0,"107":0,"108":0,"109":0,"110":0,"111":0,"112":0,"113":0,"114":0,"115":0,"116":0,"117":0,"118":0,"119":0,"120":0,"121":0,"122":0,"123":0,"124":0},"b":{"1":[0,0],"2":[0,0],"3":[0,0],"4":[0,0],"5":[0,0],"6":[0,0],"7":[0,0],"8":[0,0],"9":[0,0],"10":[0,0],"11":[0,0],"12":[0,0],"13":[0,0],"14":[0,0],"15":[0,0],"16":[0,0],"17":[0,0],"18":[0,0],"19":[0,0],"20":[0,0],"21":[0,0,0],"22":[0,0],"23":[0,0],"24":[0,0],"25":[0,0],"26":[0,0],"27":[0,0],"28":[0,0],"29":[0,0],"30":[0,0],"31":[0,0,0],"32":[0,0],"33":[0,0]},"f":{"1":0,"2":0,"3":0,"4":0,"5":0,"6":0,"7":0,"8":0,"9":0,"10":0,"11":0,"12":0,"13":0,"14":0,"15":0,"16":0,"17":0,"18":0,"19":0,"20":0,"21":0,"22":0,"23":0,"24":0,"25":0,"26":0,"27":0,"28":0,"29":0,"30":0,"31":0},"fnMap":{"1":{"name":"(anonymous_1)","line":13,"loc":{"start":{"line":13,"column":6},"end":{"line":13,"column":32}}},"2":{"name":"(anonymous_2)","line":20,"loc":{"start":{"line":20,"column":11},"end":{"line":20,"column":37}}},"3":{"name":"adminCreated","line":26,"loc":{"start":{"line":26,"column":28},"end":{"line":26,"column":63}}},"4":{"name":"(anonymous_4)","line":44,"loc":{"start":{"line":44,"column":10},"end":{"line":44,"column":36}}},"5":{"name":"adminFounded","line":45,"loc":{"start":{"line":45,"column":33},"end":{"line":45,"column":68}}},"6":{"name":"(anonymous_6)","line":51,"loc":{"start":{"line":51,"column":12},"end":{"line":51,"column":38}}},"7":{"name":"adminUpdated","line":59,"loc":{"start":{"line":59,"column":48},"end":{"line":59,"column":83}}},"8":{"name":"(anonymous_8)","line":73,"loc":{"start":{"line":73,"column":14},"end":{"line":73,"column":39}}},"9":{"name":"adminsFounded","line":74,"loc":{"start":{"line":74,"column":19},"end":{"line":74,"column":55}}},"10":{"name":"(anonymous_10)","line":88,"loc":{"start":{"line":88,"column":13},"end":{"line":88,"column":39}}},"11":{"name":"adminFounded","line":89,"loc":{"start":{"line":89,"column":36},"end":{"line":89,"column":70}}},"12":{"name":"(anonymous_12)","line":108,"loc":{"start":{"line":108,"column":14},"end":{"line":108,"column":40}}},"13":{"name":"adminDestryed","line":109,"loc":{"start":{"line":109,"column":33},"end":{"line":109,"column":62}}},"14":{"name":"(anonymous_14)","line":113,"loc":{"start":{"line":113,"column":11},"end":{"line":113,"column":37}}},"15":{"name":"adminFounded","line":114,"loc":{"start":{"line":114,"column":49},"end":{"line":114,"column":83}}},"16":{"name":"passwordsMatch","line":127,"loc":{"start":{"line":127,"column":80},"end":{"line":127,"column":116}}},"17":{"name":"(anonymous_17)","line":146,"loc":{"start":{"line":146,"column":16},"end":{"line":146,"column":42}}},"18":{"name":"adminFounded","line":147,"loc":{"start":{"line":147,"column":35},"end":{"line":147,"column":70}}},"19":{"name":"(anonymous_19)","line":155,"loc":{"start":{"line":155,"column":19},"end":{"line":155,"column":44}}},"20":{"name":"(anonymous_20)","line":159,"loc":{"start":{"line":159,"column":32},"end":{"line":159,"column":53}}},"21":{"name":"passwordsMatch","line":174,"loc":{"start":{"line":174,"column":82},"end":{"line":174,"column":118}}},"22":{"name":"passwordEncrypted","line":198,"loc":{"start":{"line":198,"column":62},"end":{"line":198,"column":113}}},"23":{"name":"userUpdated","line":205,"loc":{"start":{"line":205,"column":63},"end":{"line":205,"column":101}}},"24":{"name":"(anonymous_24)","line":226,"loc":{"start":{"line":226,"column":21},"end":{"line":226,"column":46}}},"25":{"name":"userFound","line":229,"loc":{"start":{"line":229,"column":39},"end":{"line":229,"column":70}}},"26":{"name":"(anonymous_26)","line":241,"loc":{"start":{"line":241,"column":19},"end":{"line":241,"column":44}}},"27":{"name":"(anonymous_27)","line":244,"loc":{"start":{"line":244,"column":30},"end":{"line":244,"column":51}}},"28":{"name":"(anonymous_28)","line":253,"loc":{"start":{"line":253,"column":20},"end":{"line":253,"column":41}}},"29":{"name":"passwordEncrypted","line":288,"loc":{"start":{"line":288,"column":62},"end":{"line":288,"column":113}}},"30":{"name":"userUpdated","line":295,"loc":{"start":{"line":295,"column":68},"end":{"line":295,"column":106}}},"31":{"name":"resetDestroyed","line":302,"loc":{"start":{"line":302,"column":63},"end":{"line":302,"column":107}}}},"statementMap":{"1":{"start":{"line":9,"column":0},"end":{"line":323,"column":2}},"2":{"start":{"line":14,"column":2},"end":{"line":14,"column":13}},"3":{"start":{"line":21,"column":8},"end":{"line":21,"column":36}},"4":{"start":{"line":22,"column":8},"end":{"line":22,"column":54}},"5":{"start":{"line":23,"column":8},"end":{"line":23,"column":51}},"6":{"start":{"line":25,"column":8},"end":{"line":25,"column":66}},"7":{"start":{"line":26,"column":8},"end":{"line":43,"column":11}},"8":{"start":{"line":27,"column":9},"end":{"line":39,"column":13}},"9":{"start":{"line":28,"column":16},"end":{"line":28,"column":131}},"10":{"start":{"line":29,"column":16},"end":{"line":37,"column":17}},"11":{"start":{"line":30,"column":24},"end":{"line":32,"column":21}},"12":{"start":{"line":34,"column":20},"end":{"line":36,"column":17}},"13":{"start":{"line":40,"column":12},"end":{"line":42,"column":9}},"14":{"start":{"line":41,"column":12},"end":{"line":41,"column":57}},"15":{"start":{"line":45,"column":2},"end":{"line":50,"column":5}},"16":{"start":{"line":46,"column":3},"end":{"line":46,"column":30}},"17":{"start":{"line":46,"column":12},"end":{"line":46,"column":29}},"18":{"start":{"line":47,"column":3},"end":{"line":49,"column":6}},"19":{"start":{"line":54,"column":8},"end":{"line":58,"column":9}},"20":{"start":{"line":59,"column":8},"end":{"line":69,"column":11}},"21":{"start":{"line":60,"column":10},"end":{"line":66,"column":16}},"22":{"start":{"line":61,"column":11},"end":{"line":63,"column":17}},"23":{"start":{"line":64,"column":16},"end":{"line":64,"column":68}},"24":{"start":{"line":68,"column":14},"end":{"line":68,"column":66}},"25":{"start":{"line":74,"column":8},"end":{"line":87,"column":11}},"26":{"start":{"line":75,"column":12},"end":{"line":78,"column":13}},"27":{"start":{"line":77,"column":16},"end":{"line":77,"column":33}},"28":{"start":{"line":80,"column":16},"end":{"line":86,"column":16}},"29":{"start":{"line":81,"column":17},"end":{"line":81,"column":41}},"30":{"start":{"line":83,"column":17},"end":{"line":85,"column":20}},"31":{"start":{"line":89,"column":5},"end":{"line":106,"column":11}},"32":{"start":{"line":90,"column":12},"end":{"line":92,"column":13}},"33":{"start":{"line":91,"column":16},"end":{"line":91,"column":33}},"34":{"start":{"line":95,"column":17},"end":{"line":104,"column":13}},"35":{"start":{"line":96,"column":17},"end":{"line":98,"column":19}},"36":{"start":{"line":100,"column":16},"end":{"line":100,"column":38}},"37":{"start":{"line":101,"column":18},"end":{"line":101,"column":35}},"38":{"start":{"line":103,"column":16},"end":{"line":103,"column":33}},"39":{"start":{"line":109,"column":2},"end":{"line":112,"column":6}},"40":{"start":{"line":110,"column":4},"end":{"line":110,"column":30}},"41":{"start":{"line":110,"column":12},"end":{"line":110,"column":29}},"42":{"start":{"line":111,"column":4},"end":{"line":111,"column":40}},"43":{"start":{"line":114,"column":2},"end":{"line":144,"column":11}},"44":{"start":{"line":115,"column":12},"end":{"line":117,"column":13}},"45":{"start":{"line":116,"column":16},"end":{"line":116,"column":33}},"46":{"start":{"line":118,"column":12},"end":{"line":143,"column":9}},"47":{"start":{"line":119,"column":16},"end":{"line":121,"column":17}},"48":{"start":{"line":123,"column":16},"end":{"line":123,"column":45}},"49":{"start":{"line":127,"column":12},"end":{"line":141,"column":15}},"50":{"start":{"line":128,"column":16},"end":{"line":129,"column":37}},"51":{"start":{"line":129,"column":20},"end":{"line":129,"column":37}},"52":{"start":{"line":130,"column":16},"end":{"line":136,"column":17}},"53":{"start":{"line":131,"column":20},"end":{"line":133,"column":21}},"54":{"start":{"line":135,"column":20},"end":{"line":135,"column":51}},"55":{"start":{"line":138,"column":16},"end":{"line":138,"column":39}},"56":{"start":{"line":147,"column":4},"end":{"line":153,"column":7}},"57":{"start":{"line":148,"column":7},"end":{"line":148,"column":35}},"58":{"start":{"line":148,"column":17},"end":{"line":148,"column":34}},"59":{"start":{"line":150,"column":7},"end":{"line":152,"column":10}},"60":{"start":{"line":156,"column":8},"end":{"line":223,"column":15}},"61":{"start":{"line":160,"column":15},"end":{"line":165,"column":17}},"62":{"start":{"line":161,"column":20},"end":{"line":163,"column":21}},"63":{"start":{"line":164,"column":20},"end":{"line":164,"column":82}},"64":{"start":{"line":166,"column":16},"end":{"line":222,"column":17}},"65":{"start":{"line":167,"column":20},"end":{"line":169,"column":25}},"66":{"start":{"line":170,"column":24},"end":{"line":170,"column":86}},"67":{"start":{"line":174,"column":20},"end":{"line":220,"column":23}},"68":{"start":{"line":175,"column":24},"end":{"line":176,"column":45}},"69":{"start":{"line":176,"column":28},"end":{"line":176,"column":45}},"70":{"start":{"line":177,"column":24},"end":{"line":183,"column":25}},"71":{"start":{"line":179,"column":28},"end":{"line":181,"column":29}},"72":{"start":{"line":182,"column":28},"end":{"line":182,"column":90}},"73":{"start":{"line":186,"column":24},"end":{"line":186,"column":64}},"74":{"start":{"line":187,"column":24},"end":{"line":187,"column":85}},"75":{"start":{"line":189,"column":24},"end":{"line":196,"column":25}},"76":{"start":{"line":190,"column":28},"end":{"line":195,"column":33}},"77":{"start":{"line":191,"column":36},"end":{"line":193,"column":37}},"78":{"start":{"line":194,"column":36},"end":{"line":194,"column":98}},"79":{"start":{"line":198,"column":24},"end":{"line":217,"column":27}},"80":{"start":{"line":200,"column":28},"end":{"line":200,"column":70}},"81":{"start":{"line":201,"column":28},"end":{"line":203,"column":29}},"82":{"start":{"line":205,"column":24},"end":{"line":214,"column":31}},"83":{"start":{"line":206,"column":32},"end":{"line":211,"column":33}},"84":{"start":{"line":207,"column":36},"end":{"line":209,"column":37}},"85":{"start":{"line":210,"column":36},"end":{"line":210,"column":98}},"86":{"start":{"line":213,"column":32},"end":{"line":213,"column":84}},"87":{"start":{"line":229,"column":8},"end":{"line":239,"column":11}},"88":{"start":{"line":230,"column":12},"end":{"line":232,"column":13}},"89":{"start":{"line":231,"column":16},"end":{"line":231,"column":33}},"90":{"start":{"line":234,"column":12},"end":{"line":238,"column":15}},"91":{"start":{"line":242,"column":8},"end":{"line":319,"column":11}},"92":{"start":{"line":245,"column":12},"end":{"line":250,"column":13}},"93":{"start":{"line":246,"column":16},"end":{"line":248,"column":17}},"94":{"start":{"line":249,"column":16},"end":{"line":249,"column":81}},"95":{"start":{"line":251,"column":12},"end":{"line":318,"column":15}},"96":{"start":{"line":254,"column":16},"end":{"line":259,"column":17}},"97":{"start":{"line":255,"column":20},"end":{"line":257,"column":21}},"98":{"start":{"line":258,"column":20},"end":{"line":258,"column":85}},"99":{"start":{"line":260,"column":16},"end":{"line":260,"column":39}},"100":{"start":{"line":263,"column":16},"end":{"line":317,"column":17}},"101":{"start":{"line":264,"column":20},"end":{"line":266,"column":21}},"102":{"start":{"line":267,"column":20},"end":{"line":267,"column":85}},"103":{"start":{"line":269,"column":23},"end":{"line":317,"column":17}},"104":{"start":{"line":270,"column":20},"end":{"line":272,"column":21}},"105":{"start":{"line":273,"column":20},"end":{"line":273,"column":85}},"106":{"start":{"line":276,"column":20},"end":{"line":316,"column":21}},"107":{"start":{"line":278,"column":24},"end":{"line":278,"column":64}},"108":{"start":{"line":279,"column":24},"end":{"line":279,"column":85}},"109":{"start":{"line":281,"column":24},"end":{"line":286,"column":25}},"110":{"start":{"line":282,"column":28},"end":{"line":284,"column":29}},"111":{"start":{"line":285,"column":28},"end":{"line":285,"column":93}},"112":{"start":{"line":288,"column":24},"end":{"line":309,"column":27}},"113":{"start":{"line":290,"column":28},"end":{"line":290,"column":70}},"114":{"start":{"line":291,"column":28},"end":{"line":293,"column":29}},"115":{"start":{"line":295,"column":28},"end":{"line":308,"column":31}},"116":{"start":{"line":296,"column":32},"end":{"line":301,"column":33}},"117":{"start":{"line":297,"column":36},"end":{"line":299,"column":37}},"118":{"start":{"line":300,"column":36},"end":{"line":300,"column":101}},"119":{"start":{"line":302,"column":32},"end":{"line":307,"column":35}},"120":{"start":{"line":303,"column":36},"end":{"line":305,"column":37}},"121":{"start":{"line":304,"column":40},"end":{"line":304,"column":57}},"122":{"start":{"line":306,"column":36},"end":{"line":306,"column":74}},"123":{"start":{"line":312,"column":24},"end":{"line":314,"column":25}},"124":{"start":{"line":315,"column":24},"end":{"line":315,"column":89}}},"branchMap":{"1":{"line":27,"type":"if","locations":[{"start":{"line":27,"column":9},"end":{"line":27,"column":9}},{"start":{"line":27,"column":9},"end":{"line":27,"column":9}}]},"2":{"line":29,"type":"if","locations":[{"start":{"line":29,"column":16},"end":{"line":29,"column":16}},{"start":{"line":29,"column":16},"end":{"line":29,"column":16}}]},"3":{"line":40,"type":"if","locations":[{"start":{"line":40,"column":12},"end":{"line":40,"column":12}},{"start":{"line":40,"column":12},"end":{"line":40,"column":12}}]},"4":{"line":46,"type":"if","locations":[{"start":{"line":46,"column":3},"end":{"line":46,"column":3}},{"start":{"line":46,"column":3},"end":{"line":46,"column":3}}]},"5":{"line":60,"type":"if","locations":[{"start":{"line":60,"column":10},"end":{"line":60,"column":10}},{"start":{"line":60,"column":10},"end":{"line":60,"column":10}}]},"6":{"line":75,"type":"if","locations":[{"start":{"line":75,"column":12},"end":{"line":75,"column":12}},{"start":{"line":75,"column":12},"end":{"line":75,"column":12}}]},"7":{"line":80,"type":"if","locations":[{"start":{"line":80,"column":16},"end":{"line":80,"column":16}},{"start":{"line":80,"column":16},"end":{"line":80,"column":16}}]},"8":{"line":90,"type":"if","locations":[{"start":{"line":90,"column":12},"end":{"line":90,"column":12}},{"start":{"line":90,"column":12},"end":{"line":90,"column":12}}]},"9":{"line":95,"type":"if","locations":[{"start":{"line":95,"column":17},"end":{"line":95,"column":17}},{"start":{"line":95,"column":17},"end":{"line":95,"column":17}}]},"10":{"line":110,"type":"if","locations":[{"start":{"line":110,"column":4},"end":{"line":110,"column":4}},{"start":{"line":110,"column":4},"end":{"line":110,"column":4}}]},"11":{"line":115,"type":"if","locations":[{"start":{"line":115,"column":12},"end":{"line":115,"column":12}},{"start":{"line":115,"column":12},"end":{"line":115,"column":12}}]},"12":{"line":118,"type":"if","locations":[{"start":{"line":118,"column":12},"end":{"line":118,"column":12}},{"start":{"line":118,"column":12},"end":{"line":118,"column":12}}]},"13":{"line":128,"type":"if","locations":[{"start":{"line":128,"column":16},"end":{"line":128,"column":16}},{"start":{"line":128,"column":16},"end":{"line":128,"column":16}}]},"14":{"line":130,"type":"if","locations":[{"start":{"line":130,"column":16},"end":{"line":130,"column":16}},{"start":{"line":130,"column":16},"end":{"line":130,"column":16}}]},"15":{"line":148,"type":"if","locations":[{"start":{"line":148,"column":7},"end":{"line":148,"column":7}},{"start":{"line":148,"column":7},"end":{"line":148,"column":7}}]},"16":{"line":160,"type":"if","locations":[{"start":{"line":160,"column":15},"end":{"line":160,"column":15}},{"start":{"line":160,"column":15},"end":{"line":160,"column":15}}]},"17":{"line":166,"type":"if","locations":[{"start":{"line":166,"column":16},"end":{"line":166,"column":16}},{"start":{"line":166,"column":16},"end":{"line":166,"column":16}}]},"18":{"line":175,"type":"if","locations":[{"start":{"line":175,"column":24},"end":{"line":175,"column":24}},{"start":{"line":175,"column":24},"end":{"line":175,"column":24}}]},"19":{"line":177,"type":"if","locations":[{"start":{"line":177,"column":24},"end":{"line":177,"column":24}},{"start":{"line":177,"column":24},"end":{"line":177,"column":24}}]},"20":{"line":189,"type":"if","locations":[{"start":{"line":189,"column":24},"end":{"line":189,"column":24}},{"start":{"line":189,"column":24},"end":{"line":189,"column":24}}]},"21":{"line":189,"type":"binary-expr","locations":[{"start":{"line":189,"column":28},"end":{"line":189,"column":37}},{"start":{"line":189,"column":41},"end":{"line":189,"column":62}},{"start":{"line":189,"column":66},"end":{"line":189,"column":98}}]},"22":{"line":190,"type":"if","locations":[{"start":{"line":190,"column":28},"end":{"line":190,"column":28}},{"start":{"line":190,"column":28},"end":{"line":190,"column":28}}]},"23":{"line":206,"type":"if","locations":[{"start":{"line":206,"column":32},"end":{"line":206,"column":32}},{"start":{"line":206,"column":32},"end":{"line":206,"column":32}}]},"24":{"line":230,"type":"if","locations":[{"start":{"line":230,"column":12},"end":{"line":230,"column":12}},{"start":{"line":230,"column":12},"end":{"line":230,"column":12}}]},"25":{"line":245,"type":"if","locations":[{"start":{"line":245,"column":12},"end":{"line":245,"column":12}},{"start":{"line":245,"column":12},"end":{"line":245,"column":12}}]},"26":{"line":254,"type":"if","locations":[{"start":{"line":254,"column":16},"end":{"line":254,"column":16}},{"start":{"line":254,"column":16},"end":{"line":254,"column":16}}]},"27":{"line":263,"type":"if","locations":[{"start":{"line":263,"column":16},"end":{"line":263,"column":16}},{"start":{"line":263,"column":16},"end":{"line":263,"column":16}}]},"28":{"line":269,"type":"if","locations":[{"start":{"line":269,"column":23},"end":{"line":269,"column":23}},{"start":{"line":269,"column":23},"end":{"line":269,"column":23}}]},"29":{"line":276,"type":"if","locations":[{"start":{"line":276,"column":20},"end":{"line":276,"column":20}},{"start":{"line":276,"column":20},"end":{"line":276,"column":20}}]},"30":{"line":281,"type":"if","locations":[{"start":{"line":281,"column":24},"end":{"line":281,"column":24}},{"start":{"line":281,"column":24},"end":{"line":281,"column":24}}]},"31":{"line":281,"type":"binary-expr","locations":[{"start":{"line":281,"column":28},"end":{"line":281,"column":37}},{"start":{"line":281,"column":41},"end":{"line":281,"column":62}},{"start":{"line":281,"column":66},"end":{"line":281,"column":98}}]},"32":{"line":296,"type":"if","locations":[{"start":{"line":296,"column":32},"end":{"line":296,"column":32}},{"start":{"line":296,"column":32},"end":{"line":296,"column":32}}]},"33":{"line":303,"type":"if","locations":[{"start":{"line":303,"column":36},"end":{"line":303,"column":36}},{"start":{"line":303,"column":36},"end":{"line":303,"column":36}}]}}},"/home/stephys/sw/proyectos/pruebasangular/habitapp/api/controllers/CategoryController.js":{"path":"/home/stephys/sw/proyectos/pruebasangular/habitapp/api/controllers/CategoryController.js","s":{"1":1,"2":1,"3":0,"4":0,"5":0,"6":0,"7":0,"8":0,"9":0,"10":0,"11":0,"12":0,"13":0,"14":0,"15":0,"16":0,"17":0,"18":0,"19":0,"20":0,"21":0,"22":0,"23":0,"24":0,"25":0,"26":0,"27":0,"28":0,"29":0,"30":0,"31":0,"32":0,"33":0,"34":0,"35":0,"36":0,"37":0,"38":0,"39":0,"40":0,"41":0,"42":0,"43":0,"44":0,"45":0,"46":0,"47":0,"48":0,"49":0,"50":0,"51":0,"52":0,"53":0,"54":0,"55":0},"b":{"1":[0,0],"2":[0,0],"3":[0,0],"4":[0,0],"5":[0,0],"6":[0,0],"7":[0,0],"8":[0,0],"9":[0,0],"10":[0,0]},"f":{"1":0,"2":0,"3":0,"4":0,"5":0,"6":0,"7":0,"8":0,"9":0,"10":0,"11":0,"12":0,"13":0,"14":0,"15":0,"16":0,"17":0,"18":0,"19":0,"20":0,"21":0},"fnMap":{"1":{"name":"(anonymous_1)","line":12,"loc":{"start":{"line":12,"column":9},"end":{"line":12,"column":34}}},"2":{"name":"(anonymous_2)","line":18,"loc":{"start":{"line":18,"column":12},"end":{"line":18,"column":37}}},"3":{"name":"recordCreated","line":25,"loc":{"start":{"line":25,"column":37},"end":{"line":25,"column":75}}},"4":{"name":"(anonymous_4)","line":38,"loc":{"start":{"line":38,"column":12},"end":{"line":38,"column":37}}},"5":{"name":"recordUpdated","line":44,"loc":{"start":{"line":44,"column":48},"end":{"line":44,"column":86}}},"6":{"name":"(anonymous_6)","line":57,"loc":{"start":{"line":57,"column":10},"end":{"line":57,"column":35}}},"7":{"name":"(anonymous_7)","line":60,"loc":{"start":{"line":60,"column":16},"end":{"line":60,"column":40}}},"8":{"name":"(anonymous_8)","line":74,"loc":{"start":{"line":74,"column":10},"end":{"line":74,"column":35}}},"9":{"name":"(anonymous_9)","line":77,"loc":{"start":{"line":77,"column":16},"end":{"line":77,"column":40}}},"10":{"name":"(anonymous_10)","line":91,"loc":{"start":{"line":91,"column":11},"end":{"line":91,"column":36}}},"11":{"name":"recordsFound","line":92,"loc":{"start":{"line":92,"column":42},"end":{"line":92,"column":81}}},"12":{"name":"(anonymous_12)","line":104,"loc":{"start":{"line":104,"column":17},"end":{"line":104,"column":42}}},"13":{"name":"countriesFound","line":105,"loc":{"start":{"line":105,"column":41},"end":{"line":105,"column":81}}},"14":{"name":"stateFound","line":106,"loc":{"start":{"line":106,"column":43},"end":{"line":106,"column":76}}},"15":{"name":"cityFound","line":107,"loc":{"start":{"line":107,"column":46},"end":{"line":107,"column":78}}},"16":{"name":"recordsFound","line":108,"loc":{"start":{"line":108,"column":54},"end":{"line":108,"column":93}}},"17":{"name":"(anonymous_17)","line":126,"loc":{"start":{"line":126,"column":12},"end":{"line":126,"column":37}}},"18":{"name":"(anonymous_18)","line":133,"loc":{"start":{"line":133,"column":16},"end":{"line":133,"column":40}}},"19":{"name":"(anonymous_19)","line":149,"loc":{"start":{"line":149,"column":17},"end":{"line":149,"column":42}}},"20":{"name":"(anonymous_20)","line":152,"loc":{"start":{"line":152,"column":37},"end":{"line":152,"column":51}}},"21":{"name":"recordUpdated","line":160,"loc":{"start":{"line":160,"column":16},"end":{"line":160,"column":61}}}},"statementMap":{"1":{"start":{"line":7,"column":0},"end":{"line":7,"column":23}},"2":{"start":{"line":8,"column":0},"end":{"line":165,"column":2}},"3":{"start":{"line":13,"column":8},"end":{"line":13,"column":19}},"4":{"start":{"line":19,"column":8},"end":{"line":19,"column":38}},"5":{"start":{"line":20,"column":8},"end":{"line":24,"column":9}},"6":{"start":{"line":25,"column":8},"end":{"line":33,"column":11}},"7":{"start":{"line":26,"column":12},"end":{"line":31,"column":13}},"8":{"start":{"line":27,"column":16},"end":{"line":29,"column":17}},"9":{"start":{"line":30,"column":16},"end":{"line":30,"column":53}},"10":{"start":{"line":32,"column":12},"end":{"line":32,"column":65}},"11":{"start":{"line":39,"column":8},"end":{"line":39,"column":38}},"12":{"start":{"line":40,"column":8},"end":{"line":43,"column":9}},"13":{"start":{"line":44,"column":8},"end":{"line":52,"column":11}},"14":{"start":{"line":45,"column":12},"end":{"line":50,"column":13}},"15":{"start":{"line":46,"column":16},"end":{"line":48,"column":17}},"16":{"start":{"line":49,"column":16},"end":{"line":49,"column":67}},"17":{"start":{"line":51,"column":12},"end":{"line":51,"column":63}},"18":{"start":{"line":58,"column":8},"end":{"line":69,"column":11}},"19":{"start":{"line":61,"column":12},"end":{"line":63,"column":13}},"20":{"start":{"line":62,"column":16},"end":{"line":62,"column":33}},"21":{"start":{"line":64,"column":12},"end":{"line":68,"column":13}},"22":{"start":{"line":65,"column":16},"end":{"line":67,"column":19}},"23":{"start":{"line":75,"column":8},"end":{"line":86,"column":11}},"24":{"start":{"line":78,"column":12},"end":{"line":80,"column":13}},"25":{"start":{"line":79,"column":16},"end":{"line":79,"column":33}},"26":{"start":{"line":81,"column":12},"end":{"line":85,"column":13}},"27":{"start":{"line":82,"column":16},"end":{"line":84,"column":19}},"28":{"start":{"line":92,"column":8},"end":{"line":99,"column":11}},"29":{"start":{"line":93,"column":12},"end":{"line":95,"column":13}},"30":{"start":{"line":94,"column":16},"end":{"line":94,"column":33}},"31":{"start":{"line":96,"column":12},"end":{"line":98,"column":15}},"32":{"start":{"line":105,"column":8},"end":{"line":121,"column":11}},"33":{"start":{"line":106,"column":12},"end":{"line":120,"column":15}},"34":{"start":{"line":107,"column":16},"end":{"line":119,"column":19}},"35":{"start":{"line":108,"column":20},"end":{"line":118,"column":23}},"36":{"start":{"line":109,"column":24},"end":{"line":111,"column":25}},"37":{"start":{"line":110,"column":28},"end":{"line":110,"column":77}},"38":{"start":{"line":112,"column":24},"end":{"line":117,"column":28}},"39":{"start":{"line":127,"column":8},"end":{"line":127,"column":48}},"40":{"start":{"line":128,"column":8},"end":{"line":128,"column":38}},"41":{"start":{"line":129,"column":8},"end":{"line":129,"column":30}},"42":{"start":{"line":130,"column":8},"end":{"line":130,"column":38}},"43":{"start":{"line":131,"column":8},"end":{"line":143,"column":11}},"44":{"start":{"line":134,"column":12},"end":{"line":142,"column":13}},"45":{"start":{"line":135,"column":16},"end":{"line":135,"column":84}},"46":{"start":{"line":138,"column":16},"end":{"line":140,"column":17}},"47":{"start":{"line":141,"column":16},"end":{"line":141,"column":67}},"48":{"start":{"line":150,"column":8},"end":{"line":150,"column":38}},"49":{"start":{"line":151,"column":8},"end":{"line":151,"column":92}},"50":{"start":{"line":152,"column":8},"end":{"line":163,"column":11}},"51":{"start":{"line":153,"column":12},"end":{"line":156,"column":13}},"52":{"start":{"line":154,"column":16},"end":{"line":154,"column":33}},"53":{"start":{"line":155,"column":16},"end":{"line":155,"column":33}},"54":{"start":{"line":157,"column":12},"end":{"line":162,"column":19}},"55":{"start":{"line":161,"column":20},"end":{"line":161,"column":85}}},"branchMap":{"1":{"line":26,"type":"if","locations":[{"start":{"line":26,"column":12},"end":{"line":26,"column":12}},{"start":{"line":26,"column":12},"end":{"line":26,"column":12}}]},"2":{"line":45,"type":"if","locations":[{"start":{"line":45,"column":12},"end":{"line":45,"column":12}},{"start":{"line":45,"column":12},"end":{"line":45,"column":12}}]},"3":{"line":61,"type":"if","locations":[{"start":{"line":61,"column":12},"end":{"line":61,"column":12}},{"start":{"line":61,"column":12},"end":{"line":61,"column":12}}]},"4":{"line":64,"type":"if","locations":[{"start":{"line":64,"column":12},"end":{"line":64,"column":12}},{"start":{"line":64,"column":12},"end":{"line":64,"column":12}}]},"5":{"line":78,"type":"if","locations":[{"start":{"line":78,"column":12},"end":{"line":78,"column":12}},{"start":{"line":78,"column":12},"end":{"line":78,"column":12}}]},"6":{"line":81,"type":"if","locations":[{"start":{"line":81,"column":12},"end":{"line":81,"column":12}},{"start":{"line":81,"column":12},"end":{"line":81,"column":12}}]},"7":{"line":93,"type":"if","locations":[{"start":{"line":93,"column":12},"end":{"line":93,"column":12}},{"start":{"line":93,"column":12},"end":{"line":93,"column":12}}]},"8":{"line":109,"type":"if","locations":[{"start":{"line":109,"column":24},"end":{"line":109,"column":24}},{"start":{"line":109,"column":24},"end":{"line":109,"column":24}}]},"9":{"line":134,"type":"if","locations":[{"start":{"line":134,"column":12},"end":{"line":134,"column":12}},{"start":{"line":134,"column":12},"end":{"line":134,"column":12}}]},"10":{"line":153,"type":"if","locations":[{"start":{"line":153,"column":12},"end":{"line":153,"column":12}},{"start":{"line":153,"column":12},"end":{"line":153,"column":12}}]}}},"/home/stephys/sw/proyectos/pruebasangular/habitapp/api/controllers/CityController.js":{"path":"/home/stephys/sw/proyectos/pruebasangular/habitapp/api/controllers/CityController.js","s":{"1":1,"2":0,"3":0,"4":0,"5":0,"6":0,"7":0,"8":0,"9":0,"10":0,"11":0,"12":0,"13":0,"14":0,"15":0,"16":0,"17":0,"18":0,"19":0,"20":0,"21":0,"22":0,"23":0,"24":0,"25":0,"26":0,"27":0,"28":0
[...]
83,"column":20},"end":{"line":185,"column":21}},"70":{"start":{"line":186,"column":20},"end":{"line":186,"column":48}},"71":{"start":{"line":187,"column":23},"end":{"line":229,"column":17}},"72":{"start":{"line":188,"column":20},"end":{"line":190,"column":21}},"73":{"start":{"line":191,"column":20},"end":{"line":191,"column":48}},"74":{"start":{"line":193,"column":20},"end":{"line":228,"column":21}},"75":{"start":{"line":194,"column":24},"end":{"line":194,"column":64}},"76":{"start":{"line":195,"column":24},"end":{"line":195,"column":85}},"77":{"start":{"line":197,"column":24},"end":{"line":202,"column":25}},"78":{"start":{"line":198,"column":28},"end":{"line":200,"column":29}},"79":{"start":{"line":201,"column":28},"end":{"line":201,"column":56}},"80":{"start":{"line":203,"column":24},"end":{"line":222,"column":27}},"81":{"start":{"line":204,"column":28},"end":{"line":204,"column":70}},"82":{"start":{"line":206,"column":28},"end":{"line":221,"column":31}},"83":{"start":{"line":209,"column":32},"end":{"line":214,"column":33}},"84":{"start":{"line":210,"column":36},"end":{"line":212,"column":37}},"85":{"start":{"line":213,"column":36},"end":{"line":213,"column":64}},"86":{"start":{"line":216,"column":32},"end":{"line":220,"column":35}},"87":{"start":{"line":218,"column":36},"end":{"line":218,"column":73}},"88":{"start":{"line":224,"column":24},"end":{"line":226,"column":25}},"89":{"start":{"line":227,"column":24},"end":{"line":227,"column":52}},"90":{"start":{"line":239,"column":8},"end":{"line":241,"column":11}}},"branchMap":{"1":{"line":18,"type":"if","locations":[{"start":{"line":18,"column":8},"end":{"line":18,"column":8}},{"start":{"line":18,"column":8},"end":{"line":18,"column":8}}]},"2":{"line":23,"type":"if","locations":[{"start":{"line":23,"column":12},"end":{"line":23,"column":12}},{"start":{"line":23,"column":12},"end":{"line":23,"column":12}}]},"3":{"line":40,"type":"if","locations":[{"start":{"line":40,"column":12},"end":{"line":40,"column":12}},{"start":{"line":40,"column":12},"end":{"line":40,"column":12}}]},"4":{"line":53,"type":"if","locations":[{"start":{"line":53,"column":12},"end":{"line":53,"column":12}},{"start":{"line":53,"column":12},"end":{"line":53,"column":12}}]},"5":{"line":56,"type":"if","locations":[{"start":{"line":56,"column":12},"end":{"line":56,"column":12}},{"start":{"line":56,"column":12},"end":{"line":56,"column":12}}]},"6":{"line":69,"type":"if","locations":[{"start":{"line":69,"column":16},"end":{"line":69,"column":16}},{"start":{"line":69,"column":16},"end":{"line":69,"column":16}}]},"7":{"line":73,"type":"if","locations":[{"start":{"line":73,"column":20},"end":{"line":73,"column":20}},{"start":{"line":73,"column":20},"end":{"line":73,"column":20}}]},"8":{"line":96,"type":"if","locations":[{"start":{"line":96,"column":12},"end":{"line":96,"column":12}},{"start":{"line":96,"column":12},"end":{"line":96,"column":12}}]},"9":{"line":103,"type":"if","locations":[{"start":{"line":103,"column":16},"end":{"line":103,"column":16}},{"start":{"line":103,"column":16},"end":{"line":103,"column":16}}]},"10":{"line":109,"type":"if","locations":[{"start":{"line":109,"column":20},"end":{"line":109,"column":20}},{"start":{"line":109,"column":20},"end":{"line":109,"column":20}}]},"11":{"line":124,"type":"if","locations":[{"start":{"line":124,"column":12},"end":{"line":124,"column":12}},{"start":{"line":124,"column":12},"end":{"line":124,"column":12}}]},"12":{"line":127,"type":"if","locations":[{"start":{"line":127,"column":12},"end":{"line":127,"column":12}},{"start":{"line":127,"column":12},"end":{"line":127,"column":12}}]},"13":{"line":127,"type":"binary-expr","locations":[{"start":{"line":127,"column":16},"end":{"line":127,"column":28}},{"start":{"line":127,"column":32},"end":{"line":127,"column":49}}]},"14":{"line":131,"type":"if","locations":[{"start":{"line":131,"column":20},"end":{"line":131,"column":20}},{"start":{"line":131,"column":20},"end":{"line":131,"column":20}}]},"15":{"line":131,"type":"binary-expr","locations":[{"start":{"line":131,"column":24},"end":{"line":131,"column":42}},{"start":{"line":131,"column":46},"end":{"line":131,"column":69}}]},"16":{"line":151,"type":"if","locations":[{"start":{"line":151,"column":12},"end":{"line":151,"column":12}},{"start":{"line":151,"column":12},"end":{"line":151,"column":12}}]},"17":{"line":166,"type":"if","locations":[{"start":{"line":166,"column":12},"end":{"line":166,"column":12}},{"start":{"line":166,"column":12},"end":{"line":166,"column":12}}]},"18":{"line":175,"type":"if","locations":[{"start":{"line":175,"column":16},"end":{"line":175,"column":16}},{"start":{"line":175,"column":16},"end":{"line":175,"column":16}}]},"19":{"line":182,"type":"if","locations":[{"start":{"line":182,"column":16},"end":{"line":182,"column":16}},{"start":{"line":182,"column":16},"end":{"line":182,"column":16}}]},"20":{"line":187,"type":"if","locations":[{"start":{"line":187,"column":23},"end":{"line":187,"column":23}},{"start":{"line":187,"column":23},"end":{"line":187,"column":23}}]},"21":{"line":193,"type":"if","locations":[{"start":{"line":193,"column":20},"end":{"line":193,"column":20}},{"start":{"line":193,"column":20},"end":{"line":193,"column":20}}]},"22":{"line":197,"type":"if","locations":[{"start":{"line":197,"column":24},"end":{"line":197,"column":24}},{"start":{"line":197,"column":24},"end":{"line":197,"column":24}}]},"23":{"line":209,"type":"if","locations":[{"start":{"line":209,"column":32},"end":{"line":209,"column":32}},{"start":{"line":209,"column":32},"end":{"line":209,"column":32}}]}}},"/home/stephys/sw/proyectos/pruebasangular/habitapp/api/policies/admin&flash.js":{"path":"/home/stephys/sw/proyectos/pruebasangular/habitapp/api/policies/admin&flash.js","s":{"1":1,"2":0,"3":0,"4":0,"5":0,"6":0,"7":0,"8":0,"9":0,"10":0,"11":0},"b":{"1":[0,0],"2":[0,0],"3":[0,0]},"f":{"1":0},"fnMap":{"1":{"name":"(anonymous_1)","line":1,"loc":{"start":{"line":1,"column":17},"end":{"line":1,"column":46}}}},"statementMap":{"1":{"start":{"line":1,"column":0},"end":{"line":24,"column":2}},"2":{"start":{"line":5,"column":4},"end":{"line":13,"column":5}},"3":{"start":{"line":6,"column":8},"end":{"line":6,"column":30}},"4":{"start":{"line":7,"column":8},"end":{"line":7,"column":44}},"5":{"start":{"line":7,"column":32},"end":{"line":7,"column":44}},"6":{"start":{"line":9,"column":8},"end":{"line":9,"column":54}},"7":{"start":{"line":11,"column":8},"end":{"line":11,"column":31}},"8":{"start":{"line":12,"column":8},"end":{"line":12,"column":20}},"9":{"start":{"line":16,"column":1},"end":{"line":18,"column":2}},"10":{"start":{"line":19,"column":1},"end":{"line":19,"column":31}},"11":{"start":{"line":20,"column":1},"end":{"line":20,"column":8}}},"branchMap":{"1":{"line":5,"type":"if","locations":[{"start":{"line":5,"column":4},"end":{"line":5,"column":4}},{"start":{"line":5,"column":4},"end":{"line":5,"column":4}}]},"2":{"line":5,"type":"binary-expr","locations":[{"start":{"line":5,"column":8},"end":{"line":5,"column":33}},{"start":{"line":5,"column":38},"end":{"line":5,"column":55}}]},"3":{"line":7,"type":"if","locations":[{"start":{"line":7,"column":8},"end":{"line":7,"column":8}},{"start":{"line":7,"column":8},"end":{"line":7,"column":8}}]}}},"/home/stephys/sw/proyectos/pruebasangular/habitapp/api/policies/admin&manager&flash.js":{"path":"/home/stephys/sw/proyectos/pruebasangular/habitapp/api/policies/admin&manager&flash.js","s":{"1":1,"2":0,"3":0,"4":0,"5":0,"6":0,"7":0,"8":0,"9":0,"10":0,"11":0},"b":{"1":[0,0],"2":[0,0,0],"3":[0,0]},"f":{"1":0},"fnMap":{"1":{"name":"(anonymous_1)","line":1,"loc":{"start":{"line":1,"column":17},"end":{"line":1,"column":46}}}},"statementMap":{"1":{"start":{"line":1,"column":0},"end":{"line":24,"column":2}},"2":{"start":{"line":5,"column":4},"end":{"line":13,"column":5}},"3":{"start":{"line":6,"column":8},"end":{"line":6,"column":30}},"4":{"start":{"line":7,"column":8},"end":{"line":7,"column":44}},"5":{"start":{"line":7,"column":32},"end":{"line":7,"column":44}},"6":{"start":{"line":9,"column":8},"end":{"line":9,"column":54}},"7":{"start":{"line":11,"column":8},"end":{"line":11,"column":31}},"8":{"start":{"line":12,"column":8},"end":{"line":12,"column":20}},"9":{"start":{"line":16,"column":1},"end":{"line":18,"column":2}},"10":{"start":{"line":19,"column":1},"end":{"line":19,"column":31}},"11":{"start":{"line":20,"column":1},"end":{"line":20,"column":8}}},"branchMap":{"1":{"line":5,"type":"if","locations":[{"start":{"line":5,"column":4},"end":{"line":5,"column":4}},{"start":{"line":5,"column":4},"end":{"line":5,"column":4}}]},"2":{"line":5,"type":"binary-expr","locations":[{"start":{"line":5,"column":8},"end":{"line":5,"column":33}},{"start":{"line":5,"column":38},"end":{"line":5,"column":65}},{"start":{"line":5,"column":69},"end":{"line":5,"column":86}}]},"3":{"line":7,"type":"if","locations":[{"start":{"line":7,"column":8},"end":{"line":7,"column":8}},{"start":{"line":7,"column":8},"end":{"line":7,"column":8}}]}}},"/home/stephys/sw/proyectos/pruebasangular/habitapp/api/policies/adminAuthentication.js":{"path":"/home/stephys/sw/proyectos/pruebasangular/habitapp/api/policies/adminAuthentication.js","s":{"1":1,"2":0,"3":0,"4":0,"5":0,"6":0,"7":0,"8":0,"9":0,"10":0,"11":0,"12":0,"13":0,"14":0,"15":0,"16":0},"b":{"1":[0,0],"2":[0,0],"3":[0,0],"4":[0,0],"5":[0,0]},"f":{"1":0,"2":0},"fnMap":{"1":{"name":"(anonymous_1)","line":1,"loc":{"start":{"line":1,"column":17},"end":{"line":1,"column":46}}},"2":{"name":"adminsFounded","line":3,"loc":{"start":{"line":3,"column":15},"end":{"line":3,"column":52}}}},"statementMap":{"1":{"start":{"line":1,"column":0},"end":{"line":32,"column":2}},"2":{"start":{"line":3,"column":4},"end":{"line":31,"column":3}},"3":{"start":{"line":4,"column":4},"end":{"line":6,"column":5}},"4":{"start":{"line":5,"column":8},"end":{"line":5,"column":25}},"5":{"start":{"line":8,"column":4},"end":{"line":28,"column":5}},"6":{"start":{"line":9,"column":8},"end":{"line":9,"column":20}},"7":{"start":{"line":12,"column":4},"end":{"line":20,"column":5}},"8":{"start":{"line":13,"column":8},"end":{"line":13,"column":30}},"9":{"start":{"line":14,"column":8},"end":{"line":14,"column":44}},"10":{"start":{"line":14,"column":32},"end":{"line":14,"column":44}},"11":{"start":{"line":16,"column":8},"end":{"line":16,"column":54}},"12":{"start":{"line":18,"column":8},"end":{"line":18,"column":31}},"13":{"start":{"line":19,"column":8},"end":{"line":19,"column":20}},"14":{"start":{"line":23,"column":1},"end":{"line":25,"column":2}},"15":{"start":{"line":26,"column":1},"end":{"line":26,"column":31}},"16":{"start":{"line":27,"column":1},"end":{"line":27,"column":8}}},"branchMap":{"1":{"line":4,"type":"if","locations":[{"start":{"line":4,"column":4},"end":{"line":4,"column":4}},{"start":{"line":4,"column":4},"end":{"line":4,"column":4}}]},"2":{"line":8,"type":"if","locations":[{"start":{"line":8,"column":4},"end":{"line":8,"column":4}},{"start":{"line":8,"column":4},"end":{"line":8,"column":4}}]},"3":{"line":12,"type":"if","locations":[{"start":{"line":12,"column":4},"end":{"line":12,"column":4}},{"start":{"line":12,"column":4},"end":{"line":12,"column":4}}]},"4":{"line":12,"type":"binary-expr","locations":[{"start":{"line":12,"column":8},"end":{"line":12,"column":33}},{"start":{"line":12,"column":38},"end":{"line":12,"column":55}}]},"5":{"line":14,"type":"if","locations":[{"start":{"line":14,"column":8},"end":{"line":14,"column":8}},{"start":{"line":14,"column":8},"end":{"line":14,"column":8}}]}}},"/home/stephys/sw/proyectos/pruebasangular/habitapp/api/policies/authenticated.js":{"path":"/home/stephys/sw/proyectos/pruebasangular/habitapp/api/policies/authenticated.js","s":{"1":1,"2":0,"3":0,"4":0,"5":0},"b":{"1":[0,0]},"f":{"1":0},"fnMap":{"1":{"name":"(anonymous_1)","line":1,"loc":{"start":{"line":1,"column":16},"end":{"line":1,"column":39}}}},"statementMap":{"1":{"start":{"line":1,"column":0},"end":{"line":12,"column":1}},"2":{"start":{"line":2,"column":1},"end":{"line":4,"column":2}},"3":{"start":{"line":3,"column":2},"end":{"line":3,"column":14}},"4":{"start":{"line":5,"column":1},"end":{"line":7,"column":2}},"5":{"start":{"line":9,"column":1},"end":{"line":9,"column":32}}},"branchMap":{"1":{"line":2,"type":"if","locations":[{"start":{"line":2,"column":1},"end":{"line":2,"column":1}},{"start":{"line":2,"column":1},"end":{"line":2,"column":1}}]}}},"/home/stephys/sw/proyectos/pruebasangular/habitapp/api/policies/bManager&flash.js":{"path":"/home/stephys/sw/proyectos/pruebasangular/habitapp/api/policies/bManager&flash.js","s":{"1":1,"2":0,"3":0,"4":0,"5":0,"6":0,"7":0,"8":0,"9":0,"10":0,"11":0},"b":{"1":[0,0],"2":[0,0],"3":[0,0]},"f":{"1":0},"fnMap":{"1":{"name":"(anonymous_1)","line":1,"loc":{"start":{"line":1,"column":17},"end":{"line":1,"column":46}}}},"statementMap":{"1":{"start":{"line":1,"column":0},"end":{"line":24,"column":2}},"2":{"start":{"line":5,"column":4},"end":{"line":13,"column":5}},"3":{"start":{"line":6,"column":8},"end":{"line":6,"column":30}},"4":{"start":{"line":7,"column":8},"end":{"line":7,"column":44}},"5":{"start":{"line":7,"column":32},"end":{"line":7,"column":44}},"6":{"start":{"line":9,"column":8},"end":{"line":9,"column":54}},"7":{"start":{"line":11,"column":8},"end":{"line":11,"column":31}},"8":{"start":{"line":12,"column":8},"end":{"line":12,"column":20}},"9":{"start":{"line":16,"column":1},"end":{"line":18,"column":2}},"10":{"start":{"line":19,"column":1},"end":{"line":19,"column":31}},"11":{"start":{"line":20,"column":1},"end":{"line":20,"column":8}}},"branchMap":{"1":{"line":5,"type":"if","locations":[{"start":{"line":5,"column":4},"end":{"line":5,"column":4}},{"start":{"line":5,"column":4},"end":{"line":5,"column":4}}]},"2":{"line":5,"type":"binary-expr","locations":[{"start":{"line":5,"column":8},"end":{"line":5,"column":33}},{"start":{"line":5,"column":38},"end":{"line":5,"column":65}}]},"3":{"line":7,"type":"if","locations":[{"start":{"line":7,"column":8},"end":{"line":7,"column":8}},{"start":{"line":7,"column":8},"end":{"line":7,"column":8}}]}}},"/home/stephys/sw/proyectos/pruebasangular/habitapp/api/policies/businessManagerAuthentication.js":{"path":"/home/stephys/sw/proyectos/pruebasangular/habitapp/api/policies/businessManagerAuthentication.js","s":{"1":1,"2":0,"3":0,"4":0,"5":0,"6":0,"7":0,"8":0,"9":0,"10":0,"11":0,"12":0,"13":0,"14":0,"15":0,"16":0},"b":{"1":[0,0],"2":[0,0],"3":[0,0],"4":[0,0],"5":[0,0]},"f":{"1":0,"2":0},"fnMap":{"1":{"name":"(anonymous_1)","line":1,"loc":{"start":{"line":1,"column":17},"end":{"line":1,"column":46}}},"2":{"name":"businessManagerFounded","line":3,"loc":{"start":{"line":3,"column":26},"end":{"line":3,"column":81}}}},"statementMap":{"1":{"start":{"line":1,"column":0},"end":{"line":32,"column":2}},"2":{"start":{"line":3,"column":4},"end":{"line":31,"column":3}},"3":{"start":{"line":4,"column":4},"end":{"line":6,"column":5}},"4":{"start":{"line":5,"column":8},"end":{"line":5,"column":25}},"5":{"start":{"line":8,"column":4},"end":{"line":28,"column":5}},"6":{"start":{"line":9,"column":8},"end":{"line":9,"column":20}},"7":{"start":{"line":12,"column":4},"end":{"line":20,"column":5}},"8":{"start":{"line":13,"column":8},"end":{"line":13,"column":30}},"9":{"start":{"line":14,"column":8},"end":{"line":14,"column":44}},"10":{"start":{"line":14,"column":32},"end":{"line":14,"column":44}},"11":{"start":{"line":16,"column":8},"end":{"line":16,"column":54}},"12":{"start":{"line":18,"column":8},"end":{"line":18,"column":31}},"13":{"start":{"line":19,"column":8},"end":{"line":19,"column":20}},"14":{"start":{"line":23,"column":1},"end":{"line":25,"column":2}},"15":{"start":{"line":26,"column":1},"end":{"line":26,"column":31}},"16":{"start":{"line":27,"column":1},"end":{"line":27,"column":8}}},"branchMap":{"1":{"line":4,"type":"if","locations":[{"start":{"line":4,"column":4},"end":{"line":4,"column":4}},{"start":{"line":4,"column":4},"end":{"line":4,"column":4}}]},"2":{"line":8,"type":"if","locations":[{"start":{"line":8,"column":4},"end":{"line":8,"column":4}},{"start":{"line":8,"column":4},"end":{"line":8,"column":4}}]},"3":{"line":12,"type":"if","locations":[{"start":{"line":12,"column":4},"end":{"line":12,"column":4}},{"start":{"line":12,"column":4},"end":{"line":12,"column":4}}]},"4":{"line":12,"type":"binary-expr","locations":[{"start":{"line":12,"column":8},"end":{"line":12,"column":33}},{"start":{"line":12,"column":38},"end":{"line":12,"column":65}}]},"5":{"line":14,"type":"if","locations":[{"start":{"line":14,"column":8},"end":{"line":14,"column":8}},{"start":{"line":14,"column":8},"end":{"line":14,"column":8}}]}}},"/home/stephys/sw/proyectos/pruebasangular/habitapp/api/policies/flash.js":{"path":"/home/stephys/sw/proyectos/pruebasangular/habitapp/api/policies/flash.js","s":{"1":1,"2":4,"3":4,"4":4,"5":0,"6":0,"7":0},"b":{"1":[4,0]},"f":{"1":4},"fnMap":{"1":{"name":"(anonymous_1)","line":1,"loc":{"start":{"line":1,"column":17},"end":{"line":1,"column":40}}}},"statementMap":{"1":{"start":{"line":1,"column":0},"end":{"line":13,"column":2}},"2":{"start":{"line":3,"column":1},"end":{"line":3,"column":21}},"3":{"start":{"line":5,"column":1},"end":{"line":6,"column":16}},"4":{"start":{"line":6,"column":2},"end":{"line":6,"column":16}},"5":{"start":{"line":8,"column":1},"end":{"line":8,"column":47}},"6":{"start":{"line":10,"column":1},"end":{"line":10,"column":22}},"7":{"start":{"line":12,"column":1},"end":{"line":12,"column":8}}},"branchMap":{"1":{"line":5,"type":"if","locations":[{"start":{"line":5,"column":1},"end":{"line":5,"column":1}},{"start":{"line":5,"column":1},"end":{"line":5,"column":1}}]}}},"/home/stephys/sw/proyectos/pruebasangular/habitapp/api/policies/sessionAuth.js":{"path":"/home/stephys/sw/proyectos/pruebasangular/habitapp/api/policies/sessionAuth.js","s":{"1":1,"2":0,"3":0,"4":0},"b":{"1":[0,0]},"f":{"1":0},"fnMap":{"1":{"name":"(anonymous_1)","line":10,"loc":{"start":{"line":10,"column":17},"end":{"line":10,"column":42}}}},"statementMap":{"1":{"start":{"line":10,"column":0},"end":{"line":21,"column":2}},"2":{"start":{"line":14,"column":2},"end":{"line":16,"column":3}},"3":{"start":{"line":15,"column":4},"end":{"line":15,"column":18}},"4":{"start":{"line":20,"column":2},"end":{"line":20,"column":72}}},"branchMap":{"1":{"line":14,"type":"if","locations":[{"start":{"line":14,"column":2},"end":{"line":14,"column":2}},{"start":{"line":14,"column":2},"end":{"line":14,"column":2}}]}}},"/home/stephys/sw/proyectos/pruebasangular/habitapp/api/policies/userAuthentication.js":{"path":"/home/stephys/sw/proyectos/pruebasangular/habitapp/api/policies/userAuthentication.js","s":{"1":1,"2":0,"3":0,"4":0,"5":0,"6":0,"7":0,"8":0,"9":0,"10":0,"11":0},"b":{"1":[0,0],"2":[0,0]},"f":{"1":0,"2":0},"fnMap":{"1":{"name":"(anonymous_1)","line":1,"loc":{"start":{"line":1,"column":17},"end":{"line":1,"column":40}}},"2":{"name":"(anonymous_2)","line":5,"loc":{"start":{"line":5,"column":12},"end":{"line":5,"column":33}}}},"statementMap":{"1":{"start":{"line":1,"column":0},"end":{"line":23,"column":1}},"2":{"start":{"line":2,"column":4},"end":{"line":2,"column":41}},"3":{"start":{"line":3,"column":4},"end":{"line":22,"column":7}},"4":{"start":{"line":7,"column":8},"end":{"line":12,"column":9}},"5":{"start":{"line":8,"column":12},"end":{"line":10,"column":13}},"6":{"start":{"line":11,"column":12},"end":{"line":11,"column":38}},"7":{"start":{"line":14,"column":8},"end":{"line":17,"column":9}},"8":{"start":{"line":15,"column":12},"end":{"line":15,"column":33}},"9":{"start":{"line":16,"column":12},"end":{"line":16,"column":24}},"10":{"start":{"line":18,"column":8},"end":{"line":20,"column":9}},"11":{"start":{"line":21,"column":8},"end":{"line":21,"column":27}}},"branchMap":{"1":{"line":7,"type":"if","locations":[{"start":{"line":7,"column":8},"end":{"line":7,"column":8}},{"start":{"line":7,"column":8},"end":{"line":7,"column":8}}]},"2":{"line":14,"type":"if","locations":[{"start":{"line":14,"column":8},"end":{"line":14,"column":8}},{"start":{"line":14,"column":8},"end":{"line":14,"column":8}}]}}}}