TN:
SF:/home/stephys/sw/proyectos/pruebasangular/habitapp/config/blueprints.js
FNF:0
FNH:0
DA:26,1
LF:1
LH:1
BRF:0
BRH:0
end_of_record
TN:
SF:/home/stephys/sw/proyectos/pruebasangular/habitapp/config/bootstrap.js
FN:12,(anonymous_1)
FNF:1
FNH:1
FNDA:1,(anonymous_1)
DA:12,1
DA:16,1
DA:18,1
DA:20,1
DA:23,1
DA:26,1
LF:6
LH:6
BRF:0
BRH:0
end_of_record
TN:
SF:/home/stephys/sw/proyectos/pruebasangular/habitapp/config/connections.js
FNF:0
FNH:0
DA:22,1
LF:1
LH:1
BRF:0
BRH:0
end_of_record
TN:
SF:/home/stephys/sw/proyectos/pruebasangular/habitapp/config/cors.js
FNF:0
FNH:0
DA:29,1
LF:1
LH:1
BRF:0
BRH:0
end_of_record
TN:
SF:/home/stephys/sw/proyectos/pruebasangular/habitapp/config/csrf.js
FNF:0
FNH:0
LF:0
LH:0
BRF:0
BRH:0
end_of_record
TN:
SF:/home/stephys/sw/proyectos/pruebasangular/habitapp/config/globals.js
FNF:0
FNH:0
DA:11,1
LF:1
LH:1
BRF:0
BRH:0
end_of_record
TN:
SF:/home/stephys/sw/proyectos/pruebasangular/habitapp/config/http.js
FNF:0
FNH:0
DA:12,1
LF:1
LH:1
BRF:0
BRH:0
end_of_record
TN:
SF:/home/stephys/sw/proyectos/pruebasangular/habitapp/config/i18n.js
FNF:0
FNH:0
DA:18,1
LF:1
LH:1
BRF:0
BRH:0
end_of_record
TN:
SF:/home/stephys/sw/proyectos/pruebasangular/habitapp/config/local.js
FNF:0
FNH:0
DA:30,2
LF:1
LH:1
BRF:0
BRH:0
end_of_record
TN:
SF:/home/stephys/sw/proyectos/pruebasangular/habitapp/config/log.js
FNF:0
FNH:0
DA:13,1
LF:1
LH:1
BRF:0
BRH:0
end_of_record
TN:
SF:/home/stephys/sw/proyectos/pruebasangular/habitapp/config/models.js
FNF:0
FNH:0
DA:12,1
LF:1
LH:1
BRF:0
BRH:0
end_of_record
TN:
SF:/home/stephys/sw/proyectos/pruebasangular/habitapp/config/policies.js
FNF:0
FNH:0
DA:20,1
LF:1
LH:1
BRF:0
BRH:0
end_of_record
TN:
SF:/home/stephys/sw/proyectos/pruebasangular/habitapp/config/routes.js
FNF:0
FNH:0
DA:23,1
LF:1
LH:1
BRF:0
BRH:0
end_of_record
TN:
SF:/home/stephys/sw/proyectos/pruebasangular/habitapp/config/session.js
FNF:0
FNH:0
DA:15,1
LF:1
LH:1
BRF:0
BRH:0
end_of_record
TN:
SF:/home/stephys/sw/proyectos/pruebasangular/habitapp/config/sockets.js
FNF:0
FNH:0
DA:13,1
LF:1
LH:1
BRF:0
BRH:0
end_of_record
TN:
SF:/home/stephys/sw/proyectos/pruebasangular/habitapp/config/views.js
FNF:0
FNH:0
DA:14,1
LF:1
LH:1
BRF:0
BRH:0
end_of_record
TN:
SF:/home/stephys/sw/proyectos/pruebasangular/habitapp/config/env/development.js
FNF:0
FNH:0
DA:13,1
LF:1
LH:1
BRF:0
BRH:0
end_of_record
TN:
SF:/home/stephys/sw/proyectos/pruebasangular/habitapp/api/responses/badRequest.js
FN:18,badRequest
FN:59,couldNotGuessView
FNF:2
FNH:0
FNDA:0,badRequest
FNDA:0,couldNotGuessView
DA:18,1
DA:21,0
DA:22,0
DA:23,0
DA:26,0
DA:29,0
DA:30,0
DA:32,0
DA:37,0
DA:38,0
DA:42,0
DA:43,0
DA:48,0
DA:53,0
DA:54,0
DA:59,0
DA:60,0
LF:17
LH:1
BRDA:29,1,0,0
BRDA:29,1,1,0
BRDA:37,2,0,0
BRDA:37,2,1,0
BRDA:42,3,0,0
BRDA:42,3,1,0
BRDA:48,4,0,0
BRDA:48,4,1,0
BRDA:48,5,0,0
BRDA:48,5,1,0
BRDA:53,6,0,0
BRDA:53,6,1,0
BRF:12
BRH:0
end_of_record
TN:
SF:/home/stephys/sw/proyectos/pruebasangular/habitapp/api/responses/forbidden.js
FN:15,forbidden
FN:56,(anonymous_2)
FNF:2
FNH:0
FNDA:0,forbidden
FNDA:0,(anonymous_2)
DA:15,1
DA:18,0
DA:19,0
DA:20,0
DA:23,0
DA:26,0
DA:27,0
DA:29,0
DA:34,0
DA:35,0
DA:39,0
DA:40,0
DA:45,0
DA:50,0
DA:51,0
DA:56,0
DA:59,0
DA:63,0
DA:64,0
DA:68,0
DA:70,0
DA:73,0
LF:22
LH:1
BRDA:26,1,0,0
BRDA:26,1,1,0
BRDA:34,2,0,0
BRDA:34,2,1,0
BRDA:39,3,0,0
BRDA:39,3,1,0
BRDA:45,4,0,0
BRDA:45,4,1,0
BRDA:45,5,0,0
BRDA:45,5,1,0
BRDA:50,6,0,0
BRDA:50,6,1,0
BRDA:59,7,0,0
BRDA:59,7,1,0
BRDA:63,8,0,0
BRDA:63,8,1,0
BRF:16
BRH:0
end_of_record
TN:
SF:/home/stephys/sw/proyectos/pruebasangular/habitapp/api/responses/notFound.js
FN:20,notFound
FN:61,(anonymous_2)
FNF:2
FNH:0
FNDA:0,notFound
FNDA:0,(anonymous_2)
DA:20,1
DA:23,0
DA:24,0
DA:25,0
DA:28,0
DA:31,0
DA:32,0
DA:34,0
DA:39,0
DA:40,0
DA:44,0
DA:45,0
DA:50,0
DA:55,0
DA:56,0
DA:61,0
DA:64,0
DA:68,0
DA:69,0
DA:73,0
DA:75,0
DA:78,0
LF:22
LH:1
BRDA:31,1,0,0
BRDA:31,1,1,0
BRDA:39,2,0,0
BRDA:39,2,1,0
BRDA:44,3,0,0
BRDA:44,3,1,0
BRDA:50,4,0,0
BRDA:50,4,1,0
BRDA:50,5,0,0
BRDA:50,5,1,0
BRDA:55,6,0,0
BRDA:55,6,1,0
BRDA:64,7,0,0
BRDA:64,7,1,0
BRDA:68,8,0,0
BRDA:68,8,1,0
BRF:16
BRH:0
end_of_record
TN:
SF:/home/stephys/sw/proyectos/pruebasangular/habitapp/api/responses/ok.js
FN:14,sendOK
FN:44,couldNotGuessView
FNF:2
FNH:0
FNDA:0,sendOK
FNDA:0,couldNotGuessView
DA:14,1
DA:17,0
DA:18,0
DA:19,0
DA:21,0
DA:24,0
DA:27,0
DA:28,0
DA:33,0
DA:38,0
DA:39,0
DA:44,0
DA:45,0
LF:13
LH:1
BRDA:27,1,0,0
BRDA:27,1,1,0
BRDA:33,2,0,0
BRDA:33,2,1,0
BRDA:33,3,0,0
BRDA:33,3,1,0
BRDA:38,4,0,0
BRDA:38,4,1,0
BRF:8
BRH:0
end_of_record
TN:
SF:/home/stephys/sw/proyectos/pruebasangular/habitapp/api/responses/serverError.js
FN:15,serverError
FN:56,(anonymous_2)
FNF:2
FNH:0
FNDA:0,serverError
FNDA:0,(anonymous_2)
DA:15,1
DA:18,0
DA:19,0
DA:20,0
DA:23,0
DA:26,0
DA:27,0
DA:29,0
DA:34,0
DA:35,0
DA:39,0
DA:40,0
DA:45,0
DA:50,0
DA:51,0
DA:56,0
DA:59,0
DA:63,0
DA:64,0
DA:68,0
DA:70,0
DA:73,0
LF:22
LH:1
BRDA:26,1,0,0
BRDA:26,1,1,0
BRDA:34,2,0,0
BRDA:34,2,1,0
BRDA:39,3,0,0
BRDA:39,3,1,0
BRDA:45,4,0,0
BRDA:45,4,1,0
BRDA:45,5,0,0
BRDA:45,5,1,0
BRDA:50,6,0,0
BRDA:50,6,1,0
BRDA:59,7,0,0
BRDA:59,7,1,0
BRDA:63,8,0,0
BRDA:63,8,1,0
BRF:16
BRH:0
end_of_record
TN:
SF:/home/stephys/sw/proyectos/pruebasangular/habitapp/api/services/Errors.js
FN:1,(anonymous_1)
FN:14,(anonymous_2)
FNF:2
FNH:0
FNDA:0,(anonymous_1)
FNDA:0,(anonymous_2)
DA:1,1
DA:3,0
DA:4,0
DA:5,0
DA:6,0
DA:8,0
DA:10,0
DA:14,1
DA:16,0
DA:17,0
DA:21,0
DA:23,0
DA:27,0
LF:13
LH:2
BRDA:3,1,0,0
BRDA:3,1,1,0
BRDA:3,2,0,0
BRDA:3,2,1,0
BRDA:3,2,2,0
BRDA:16,3,0,0
BRDA:16,3,1,0
BRDA:16,4,0,0
BRDA:16,4,1,0
BRDA:16,4,2,0
BRF:10
BRH:0
end_of_record
TN:
SF:/home/stephys/sw/proyectos/pruebasangular/habitapp/api/services/GetDate.js
FN:7,(anonymous_1)
FN:21,(anonymous_2)
FN:38,(anonymous_3)
FN:61,(anonymous_4)
FN:106,(anonymous_5)
FN:119,(anonymous_6)
FNF:6
FNH:0
FNDA:0,(anonymous_1)
FNDA:0,(anonymous_2)
FNDA:0,(anonymous_3)
FNDA:0,(anonymous_4)
FNDA:0,(anonymous_5)
FNDA:0,(anonymous_6)
DA:7,1
DA:9,0
DA:10,0
DA:11,0
DA:12,0
DA:14,0
DA:21,1
DA:22,0
DA:23,0
DA:25,0
DA:26,0
DA:27,0
DA:29,0
DA:31,0
DA:38,1
DA:40,0
DA:41,0
DA:42,0
DA:43,0
DA:44,0
DA:45,0
DA:47,0
DA:48,0
DA:51,0
DA:53,0
DA:61,1
DA:63,0
DA:65,0
DA:66,0
DA:68,0
DA:69,0
DA:71,0
DA:72,0
DA:74,0
DA:75,0
DA:77,0
DA:78,0
DA:80,0
DA:81,0
DA:83,0
DA:84,0
DA:86,0
DA:87,0
DA:89,0
DA:90,0
DA:92,0
DA:93,0
DA:95,0
DA:96,0
DA:98,0
DA:99,0
DA:101,0
DA:102,0
DA:106,1
DA:108,0
DA:110,0
DA:111,0
DA:113,0
DA:119,1
DA:121,0
DA:123,0
DA:124,0
DA:126,0
LF:63
LH:6
BRDA:26,1,0,0
BRDA:26,1,1,0
BRDA:26,2,0,0
BRDA:26,2,1,0
BRDA:44,3,0,0
BRDA:44,3,1,0
BRDA:47,4,0,0
BRDA:47,4,1,0
BRDA:63,5,0,0
BRDA:63,5,1,0
BRDA:63,5,2,0
BRDA:63,5,3,0
BRDA:63,5,4,0
BRDA:63,5,5,0
BRDA:63,5,6,0
BRDA:63,5,7,0
BRDA:63,5,8,0
BRDA:63,5,9,0
BRDA:63,5,10,0
BRDA:63,5,11,0
BRDA:63,5,12,0
BRDA:110,6,0,0
BRDA:110,6,1,0
BRDA:123,7,0,0
BRDA:123,7,1,0
BRF:25
BRH:0
end_of_record
TN:
SF:/home/stephys/sw/proyectos/pruebasangular/habitapp/api/services/Image.js
FN:10,(anonymous_1)
FN:20,onUploadComplete
FN:43,(anonymous_3)
FN:57,(anonymous_4)
FNF:4
FNH:0
FNDA:0,(anonymous_1)
FNDA:0,onUploadComplete
FNDA:0,(anonymous_3)
FNDA:0,(anonymous_4)
DA:10,1
DA:13,0
DA:14,0
DA:15,0
DA:17,0
DA:21,0
DA:22,0
DA:23,0
DA:26,0
DA:27,0
DA:29,0
DA:43,1
DA:47,0
DA:48,0
DA:49,0
DA:50,0
DA:51,0
DA:52,0
DA:53,0
DA:55,0
DA:56,0
DA:57,0
DA:58,0
DA:59,0
DA:60,0
DA:62,0
LF:26
LH:2
BRDA:21,1,0,0
BRDA:21,1,1,0
BRDA:26,2,0,0
BRDA:26,2,1,0
BRDA:58,3,0,0
BRDA:58,3,1,0
BRF:6
BRH:0
end_of_record
TN:
SF:/home/stephys/sw/proyectos/pruebasangular/habitapp/api/services/Random.js
FN:1,(anonymous_1)
FNF:1
FNH:0
FNDA:0,(anonymous_1)
DA:1,1
DA:2,0
DA:3,0
DA:4,0
DA:6,0
LF:5
LH:1
BRF:0
BRH:0
end_of_record
TN:
SF:/home/stephys/sw/proyectos/pruebasangular/habitapp/api/services/Response.js
FN:5,(anonymous_1)
FN:20,(anonymous_2)
FNF:2
FNH:1
FNDA:1,(anonymous_1)
FNDA:0,(anonymous_2)
DA:5,1
DA:7,1
DA:8,0
DA:9,0
DA:11,0
DA:13,1
DA:20,1
DA:21,0
DA:25,0
LF:9
LH:4
BRDA:7,1,0,0
BRDA:7,1,1,1
BRDA:7,2,0,1
BRDA:7,2,1,1
BRDA:7,2,2,1
BRF:5
BRH:4
end_of_record
TN:
SF:/home/stephys/sw/proyectos/pruebasangular/habitapp/api/services/SendEmail.js
FN:10,(anonymous_1)
FN:30,(anonymous_2)
FN:40,(anonymous_3)
FN:60,(anonymous_4)
FN:72,(anonymous_5)
FN:97,(anonymous_6)
FN:107,(anonymous_7)
FN:132,(anonymous_8)
FNF:8
FNH:0
FNDA:0,(anonymous_1)
FNDA:0,(anonymous_2)
FNDA:0,(anonymous_3)
FNDA:0,(anonymous_4)
FNDA:0,(anonymous_5)
FNDA:0,(anonymous_6)
FNDA:0,(anonymous_7)
FNDA:0,(anonymous_8)
DA:10,1
DA:12,0
DA:14,0
DA:22,0
DA:30,0
DA:31,0
DA:32,0
DA:34,0
DA:40,1
DA:42,0
DA:44,0
DA:52,0
DA:60,0
DA:61,0
DA:62,0
DA:64,0
DA:72,1
DA:74,0
DA:76,0
DA:84,0
DA:85,0
DA:86,0
DA:88,0
DA:97,0
DA:98,0
DA:99,0
DA:101,0
DA:107,1
DA:109,0
DA:111,0
DA:119,0
DA:120,0
DA:121,0
DA:123,0
DA:132,0
DA:133,0
DA:134,0
DA:136,0
LF:38
LH:4
BRDA:31,1,0,0
BRDA:31,1,1,0
BRDA:61,2,0,0
BRDA:61,2,1,0
BRDA:98,3,0,0
BRDA:98,3,1,0
BRDA:133,4,0,0
BRDA:133,4,1,0
BRF:8
BRH:0
end_of_record
TN:
SF:/home/stephys/sw/proyectos/pruebasangular/habitapp/api/services/Validations.js
FN:3,(anonymous_1)
FN:17,(anonymous_2)
FN:30,(anonymous_3)
FNF:3
FNH:2
FNDA:4,(anonymous_1)
FNDA:1,(anonymous_2)
FNDA:0,(anonymous_3)
DA:3,1
DA:5,4
DA:6,4
DA:7,2
DA:9,2
DA:11,4
DA:17,1
DA:19,1
DA:20,0
DA:22,1
DA:30,1
DA:32,0
DA:33,0
DA:35,0
LF:14
LH:10
BRDA:6,1,0,2
BRDA:6,1,1,2
BRDA:6,2,0,4
BRDA:6,2,1,2
BRDA:19,3,0,0
BRDA:19,3,1,1
BRDA:19,4,0,1
BRDA:19,4,1,1
BRDA:32,5,0,0
BRDA:32,5,1,0
BRDA:32,6,0,0
BRDA:32,6,1,0
BRDA:32,6,2,0
BRF:13
BRH:7
end_of_record
TN:
SF:/home/stephys/sw/proyectos/pruebasangular/habitapp/api/models/Admin.js
FN:51,(anonymous_1)
FN:64,(anonymous_2)
FN:76,passwordEncrypted
FNF:3
FNH:0
FNDA:0,(anonymous_1)
FNDA:0,(anonymous_2)
FNDA:0,passwordEncrypted
DA:8,1
DA:52,0
DA:53,0
DA:54,0
DA:55,0
DA:56,0
DA:57,0
DA:65,0
DA:66,0
DA:67,0
DA:68,0
DA:71,0
DA:76,0
DA:77,0
DA:78,0
DA:79,0
DA:81,0
LF:17
LH:1
BRDA:67,1,0,0
BRDA:67,1,1,0
BRDA:67,2,0,0
BRDA:67,2,1,0
BRDA:67,2,2,0
BRF:5
BRH:0
end_of_record
TN:
SF:/home/stephys/sw/proyectos/pruebasangular/habitapp/api/models/Category.js
FNF:0
FNH:0
DA:8,1
LF:1
LH:1
BRF:0
BRH:0
end_of_record
TN:
SF:/home/stephys/sw/proyectos/pruebasangular/habitapp/api/models/City.js
FNF:0
FNH:0
DA:8,1
LF:1
LH:1
BRF:0
BRH:0
end_of_record
TN:
SF:/home/stephys/sw/proyectos/pruebasangular/habitapp/api/models/Country.js
FNF:0
FNH:0
DA:8,1
LF:1
LH:1
BRF:0
BRH:0
end_of_record
TN:
SF:/home/stephys/sw/proyectos/pruebasangular/habitapp/api/models/Email.js
FNF:0
FNH:0
DA:8,1
LF:1
LH:1
BRF:0
BRH:0
end_of_record
TN:
SF:/home/stephys/sw/proyectos/pruebasangular/habitapp/api/models/Establishment.js
FNF:0
FNH:0
DA:8,1
LF:1
LH:1
BRF:0
BRH:0
end_of_record
TN:
SF:/home/stephys/sw/proyectos/pruebasangular/habitapp/api/models/HomePage.js
FNF:0
FNH:0
DA:8,1
LF:1
LH:1
BRF:0
BRH:0
end_of_record
TN:
SF:/home/stephys/sw/proyectos/pruebasangular/habitapp/api/models/Location.js
FNF:0
FNH:0
DA:8,1
LF:1
LH:1
BRF:0
BRH:0
end_of_record
TN:
SF:/home/stephys/sw/proyectos/pruebasangular/habitapp/api/models/ResetPassword.js
FNF:0
FNH:0
DA:8,1
LF:1
LH:1
BRF:0
BRH:0
end_of_record
TN:
SF:/home/stephys/sw/proyectos/pruebasangular/habitapp/api/models/Sale.js
FNF:0
FNH:0
DA:8,1
LF:1
LH:1
BRF:0
BRH:0
end_of_record
TN:
SF:/home/stephys/sw/proyectos/pruebasangular/habitapp/api/models/State.js
FNF:0
FNH:0
DA:8,1
LF:1
LH:1
BRF:0
BRH:0
end_of_record
TN:
SF:/home/stephys/sw/proyectos/pruebasangular/habitapp/api/models/User.js
FN:63,(anonymous_1)
FN:76,(anonymous_2)
FN:88,passwordEncrypted
FNF:3
FNH:3
FNDA:6,(anonymous_1)
FNDA:1,(anonymous_2)
FNDA:1,passwordEncrypted
DA:8,1
DA:64,6
DA:65,6
DA:66,6
DA:67,6
DA:68,6
DA:69,6
DA:77,1
DA:78,1
DA:79,1
DA:80,0
DA:83,0
DA:88,1
DA:89,1
DA:90,1
DA:91,1
DA:93,1
LF:17
LH:15
BRDA:79,1,0,0
BRDA:79,1,1,1
BRDA:79,2,0,1
BRDA:79,2,1,1
BRDA:79,2,2,1
BRF:5
BRH:4
end_of_record
TN:
SF:/home/stephys/sw/proyectos/pruebasangular/habitapp/api/models/UserLogin.js
FNF:0
FNH:0
DA:8,1
LF:1
LH:1
BRF:0
BRH:0
end_of_record
TN:
SF:/home/stephys/sw/proyectos/pruebasangular/habitapp/api/controllers/AdminController.js
FN:13,(anonymous_1)
FN:20,(anonymous_2)
FN:26,adminCreated
FN:44,(anonymous_4)
FN:45,adminFounded
FN:51,(anonymous_6)
FN:59,adminUpdated
FN:73,(anonymous_8)
FN:74,adminsFounded
FN:88,(anonymous_10)
FN:89,adminFounded
FN:108,(anonymous_12)
FN:109,adminDestryed
FN:113,(anonymous_14)
FN:114,adminFounded
FN:127,passwordsMatch
FN:146,(anonymous_17)
FN:147,adminFounded
FN:155,(anonymous_19)
FN:159,(anonymous_20)
FN:174,passwordsMatch
FN:198,passwordEncrypted
FN:205,userUpdated
FN:226,(anonymous_24)
FN:229,userFound
FN:241,(anonymous_26)
FN:244,(anonymous_27)
FN:253,(anonymous_28)
FN:288,passwordEncrypted
FN:295,userUpdated
FN:302,resetDestroyed
FNF:31
FNH:0
FNDA:0,(anonymous_1)
FNDA:0,(anonymous_2)
FNDA:0,adminCreated
FNDA:0,(anonymous_4)
FNDA:0,adminFounded
FNDA:0,(anonymous_6)
FNDA:0,adminUpdated
FNDA:0,(anonymous_8)
FNDA:0,adminsFounded
FNDA:0,(anonymous_10)
FNDA:0,adminFounded
FNDA:0,(anonymous_12)
FNDA:0,adminDestryed
FNDA:0,(anonymous_14)
FNDA:0,adminFounded
FNDA:0,passwordsMatch
FNDA:0,(anonymous_17)
FNDA:0,adminFounded
FNDA:0,(anonymous_19)
FNDA:0,(anonymous_20)
FNDA:0,passwordsMatch
FNDA:0,passwordEncrypted
FNDA:0,userUpdated
FNDA:0,(anonymous_24)
FNDA:0,userFound
FNDA:0,(anonymous_26)
FNDA:0,(anonymous_27)
FNDA:0,(anonymous_28)
FNDA:0,passwordEncrypted
FNDA:0,userUpdated
FNDA:0,resetDestroyed
DA:9,1
DA:14,0
DA:21,0
DA:22,0
DA:23,0
DA:25,0
DA:26,0
DA:27,0
DA:28,0
DA:29,0
DA:30,0
DA:34,0
DA:40,0
DA:41,0
DA:45,0
DA:46,0
DA:47,0
DA:54,0
DA:59,0
DA:60,0
DA:61,0
DA:64,0
DA:68,0
DA:74,0
DA:75,0
DA:77,0
DA:80,0
DA:81,0
DA:83,0
DA:89,0
DA:90,0
DA:91,0
DA:95,0
DA:96,0
DA:100,0
DA:101,0
DA:103,0
DA:109,0
DA:110,0
DA:111,0
DA:114,0
DA:115,0
DA:116,0
DA:118,0
DA:119,0
DA:123,0
DA:127,0
DA:128,0
DA:129,0
DA:130,0
DA:131,0
DA:135,0
DA:138,0
DA:147,0
DA:148,0
DA:150,0
DA:156,0
DA:160,0
DA:161,0
DA:164,0
DA:166,0
DA:167,0
DA:170,0
DA:174,0
DA:175,0
DA:176,0
DA:177,0
DA:179,0
DA:182,0
DA:186,0
DA:187,0
DA:189,0
DA:190,0
DA:191,0
DA:194,0
DA:198,0
DA:200,0
DA:201,0
DA:205,0
DA:206,0
DA:207,0
DA:210,0
DA:213,0
DA:229,0
DA:230,0
DA:231,0
DA:234,0
DA:242,0
DA:245,0
DA:246,0
DA:249,0
DA:251,0
DA:254,0
DA:255,0
DA:258,0
DA:260,0
DA:263,0
DA:264,0
DA:267,0
DA:269,0
DA:270,0
DA:273,0
DA:276,0
DA:278,0
DA:279,0
DA:281,0
DA:282,0
DA:285,0
DA:288,0
DA:290,0
DA:291,0
DA:295,0
DA:296,0
DA:297,0
DA:300,0
DA:302,0
DA:303,0
DA:304,0
DA:306,0
DA:312,0
DA:315,0
LF:121
LH:1
BRDA:27,1,0,0
BRDA:27,1,1,0
BRDA:29,2,0,0
BRDA:29,2,1,0
BRDA:40,3,0,0
BRDA:40,3,1,0
BRDA:46,4,0,0
BRDA:46,4,1,0
BRDA:60,5,0,0
BRDA:60,5,1,0
BRDA:75,6,0,0
BRDA:75,6,1,0
BRDA:80,7,0,0
BRDA:80,7,1,0
BRDA:90,8,0,0
BRDA:90,8,1,0
BRDA:95,9,0,0
BRDA:95,9,1,0
BRDA:110,10,0,0
BRDA:110,10,1,0
BRDA:115,11,0,0
BRDA:115,11,1,0
BRDA:118,12,0,0
BRDA:118,12,1,0
BRDA:128,13,0,0
BRDA:128,13,1,0
BRDA:130,14,0,0
BRDA:130,14,1,0
BRDA:148,15,0,0
BRDA:148,15,1,0
BRDA:160,16,0,0
BRDA:160,16,1,0
BRDA:166,17,0,0
BRDA:166,17,1,0
BRDA:175,18,0,0
BRDA:175,18,1,0
BRDA:177,19,0,0
BRDA:177,19,1,0
BRDA:189,20,0,0
BRDA:189,20,1,0
BRDA:189,21,0,0
BRDA:189,21,1,0
BRDA:189,21,2,0
BRDA:190,22,0,0
BRDA:190,22,1,0
BRDA:206,23,0,0
BRDA:206,23,1,0
BRDA:230,24,0,0
BRDA:230,24,1,0
BRDA:245,25,0,0
BRDA:245,25,1,0
BRDA:254,26,0,0
BRDA:254,26,1,0
BRDA:263,27,0,0
BRDA:263,27,1,0
BRDA:269,28,0,0
BRDA:269,28,1,0
BRDA:276,29,0,0
BRDA:276,29,1,0
BRDA:281,30,0,0
BRDA:281,30,1,0
BRDA:281,31,0,0
BRDA:281,31,1,0
BRDA:281,31,2,0
BRDA:296,32,0,0
BRDA:296,32,1,0
BRDA:303,33,0,0
BRDA:303,33,1,0
BRF:68
BRH:0
end_of_record
TN:
SF:/home/stephys/sw/proyectos/pruebasangular/habitapp/api/controllers/CategoryController.js
FN:12,(anonymous_1)
FN:18,(anonymous_2)
FN:25,recordCreated
FN:38,(anonymous_4)
FN:44,recordUpdated
FN:57,(anonymous_6)
FN:60,(anonymous_7)
FN:74,(anonymous_8)
FN:77,(anonymous_9)
FN:91,(anonymous_10)
FN:92,recordsFound
FN:104,(anonymous_12)
FN:105,countriesFound
FN:106,stateFound
FN:107,cityFound
FN:108,recordsFound
FN:126,(anonymous_17)
FN:133,(anonymous_18)
FN:149,(anonymous_19)
FN:152,(anonymous_20)
FN:160,recordUpdated
FNF:21
FNH:0
FNDA:0,(anonymous_1)
FNDA:0,(anonymous_2)
FNDA:0,recordCreated
FNDA:0,(anonymous_4)
FNDA:0,recordUpdated
FNDA:0,(anonymous_6)
FNDA:0,(anonymous_7)
FNDA:0,(anonymous_8)
FNDA:0,(anonymous_9)
FNDA:0,(anonymous_10)
FNDA:0,recordsFound
FNDA:0,(anonymous_12)
FNDA:0,countriesFound
FNDA:0,stateFound
FNDA:0,cityFound
FNDA:0,recordsFound
FNDA:0,(anonymous_17)
FNDA:0,(anonymous_18)
FNDA:0,(anonymous_19)
FNDA:0,(anonymous_20)
FNDA:0,recordUpdated
DA:7,1
DA:8,1
DA:13,0
DA:19,0
DA:20,0
DA:25,0
DA:26,0
DA:27,0
DA:30,0
DA:32,0
DA:39,0
DA:40,0
DA:44,0
DA:45,0
DA:46,0
DA:49,0
DA:51,0
DA:58,0
DA:61,0
DA:62,0
DA:64,0
DA:65,0
DA:75,0
DA:78,0
DA:79,0
DA:81,0
DA:82,0
DA:92,0
DA:93,0
DA:94,0
DA:96,0
DA:105,0
DA:106,0
DA:107,0
DA:108,0
DA:109,0
DA:110,0
DA:112,0
DA:127,0
DA:128,0
DA:129,0
DA:130,0
DA:131,0
DA:134,0
DA:135,0
DA:138,0
DA:141,0
DA:150,0
DA:151,0
DA:152,0
DA:153,0
DA:154,0
DA:155,0
DA:157,0
DA:161,0
LF:55
LH:2
BRDA:26,1,0,0
BRDA:26,1,1,0
BRDA:45,2,0,0
BRDA:45,2,1,0
BRDA:61,3,0,0
BRDA:61,3,1,0
BRDA:64,4,0,0
BRDA:64,4,1,0
BRDA:78,5,0,0
BRDA:78,5,1,0
BRDA:81,6,0,0
BRDA:81,6,1,0
BRDA:93,7,0,0
BRDA:93,7,1,0
BRDA:109,8,0,0
BRDA:109,8,1,0
BRDA:134,9,0,0
BRDA:134,9,1,0
BRDA:153,10,0,0
BRDA:153,10,1,0
BRF:20
BRH:0
end_of_record
TN:
SF:/home/stephys/sw/proyectos/pruebasangular/habitapp/api/controllers/CityController.js
FN:9,(anonymous_1)
FN:10,statesFonded
FN:23,(anonymous_3)
FN:32,cityCreate
FN:46,(anonymous_5)
FN:49,(anonymous_6)
FN:77,(anonymous_7)
FN:87,cityUpdate
FN:100,(anonymous_9)
FN:103,(anonymous_10)
FN:117,(anonymous_11)
FN:121,(anonymous_12)
FN:124,(anonymous_13)
FN:127,(anonymous_14)
FN:147,(anonymous_15)
FN:150,(anonymous_16)
FNF:16
FNH:0
FNDA:0,(anonymous_1)
FNDA:0,statesFonded
FNDA:0,(anonymous_3)
FNDA:0,cityCreate
FNDA:0,(anonymous_5)
FNDA:0,(anonymous_6)
FNDA:0,(anonymous_7)
FNDA:0,cityUpdate
FNDA:0,(anonymous_9)
FNDA:0,(anonymous_10)
FNDA:0,(anonymous_11)
FNDA:0,(anonymous_12)
FNDA:0,(anonymous_13)
FNDA:0,(anonymous_14)
FNDA:0,(anonymous_15)
FNDA:0,(anonymous_16)
DA:8,1
DA:10,0
DA:11,0
DA:12,0
DA:14,0
DA:25,0
DA:32,0
DA:33,0
DA:34,0
DA:37,0
DA:39,0
DA:47,0
DA:50,0
DA:52,0
DA:61,0
DA:62,0
DA:67,0
DA:68,0
DA:70,0
DA:79,0
DA:87,0
DA:88,0
DA:89,0
DA:93,0
DA:101,0
DA:104,0
DA:106,0
DA:109,0
DA:119,0
DA:122,0
DA:125,0
DA:129,0
DA:130,0
DA:133,0
DA:139,0
DA:148,0
DA:151,0
DA:153,0
DA:156,0
DA:157,0
LF:40
LH:1
BRDA:11,1,0,0
BRDA:11,1,1,0
BRDA:33,2,0,0
BRDA:33,2,1,0
BRDA:50,3,0,0
BRDA:50,3,1,0
BRDA:61,4,0,0
BRDA:61,4,1,0
BRDA:88,5,0,0
BRDA:88,5,1,0
BRDA:104,6,0,0
BRDA:104,6,1,0
BRDA:129,7,0,0
BRDA:129,7,1,0
BRDA:151,8,0,0
BRDA:151,8,1,0
BRDA:156,9,0,0
BRDA:156,9,1,0
BRF:18
BRH:0
end_of_record
TN:
SF:/home/stephys/sw/proyectos/pruebasangular/habitapp/api/controllers/CountryController.js
FNF:0
FNH:0
DA:8,1
LF:1
LH:1
BRF:0
BRH:0
end_of_record
TN:
SF:/home/stephys/sw/proyectos/pruebasangular/habitapp/api/controllers/EmailController.js
FN:9,(anonymous_1)
FN:15,(anonymous_2)
FN:16,emailFounded
FN:28,emailUpdated
FN:47,emailCreated
FN:65,(anonymous_6)
FN:66,emailFounded
FN:82,(anonymous_8)
FN:83,emailFounded
FNF:9
FNH:0
FNDA:0,(anonymous_1)
FNDA:0,(anonymous_2)
FNDA:0,emailFounded
FNDA:0,emailUpdated
FNDA:0,emailCreated
FNDA:0,(anonymous_6)
FNDA:0,emailFounded
FNDA:0,(anonymous_8)
FNDA:0,emailFounded
DA:8,1
DA:10,0
DA:16,0
DA:18,0
DA:20,0
DA:21,0
DA:28,0
DA:29,0
DA:30,0
DA:33,0
DA:35,0
DA:40,0
DA:47,0
DA:48,0
DA:49,0
DA:52,0
DA:54,0
DA:55,0
DA:66,0
DA:67,0
DA:68,0
DA:69,0
DA:70,0
DA:74,0
DA:83,0
DA:84,0
DA:85,0
DA:86,0
DA:88,0
DA:89,0
DA:93,0
DA:94,0
DA:96,0
DA:99,0
LF:34
LH:1
BRDA:18,1,0,0
BRDA:18,1,1,0
BRDA:29,2,0,0
BRDA:29,2,1,0
BRDA:48,3,0,0
BRDA:48,3,1,0
BRDA:67,4,0,0
BRDA:67,4,1,0
BRDA:68,5,0,0
BRDA:68,5,1,0
BRDA:84,6,0,0
BRDA:84,6,1,0
BRDA:85,7,0,0
BRDA:85,7,1,0
BRDA:88,8,0,0
BRDA:88,8,1,0
BRF:16
BRH:0
end_of_record
TN:
SF:/home/stephys/sw/proyectos/pruebasangular/habitapp/api/controllers/EstablishmentController.js
FN:10,(anonymous_1)
FN:11,countriesFound
FN:12,statesFound
FN:13,citiesFound
FN:23,(anonymous_5)
FN:28,recordCreated
FN:43,(anonymous_7)
FN:44,recordsFound
FNF:8
FNH:0
FNDA:0,(anonymous_1)
FNDA:0,countriesFound
FNDA:0,statesFound
FNDA:0,citiesFound
FNDA:0,(anonymous_5)
FNDA:0,recordCreated
FNDA:0,(anonymous_7)
FNDA:0,recordsFound
DA:8,1
DA:11,0
DA:12,0
DA:13,0
DA:14,0
DA:24,0
DA:25,0
DA:26,0
DA:28,0
DA:29,0
DA:30,0
DA:33,0
DA:36,0
DA:39,0
DA:44,0
DA:45,0
DA:46,0
LF:17
LH:1
BRDA:29,1,0,0
BRDA:29,1,1,0
BRDA:45,2,0,0
BRDA:45,2,1,0
BRF:4
BRH:0
end_of_record
TN:
SF:/home/stephys/sw/proyectos/pruebasangular/habitapp/api/controllers/HomePageController.js
FN:13,(anonymous_1)
FN:18,recordCreated
FN:35,(anonymous_3)
FN:38,(anonymous_4)
FN:39,recordFound
FN:45,(anonymous_6)
FN:50,(anonymous_7)
FN:55,kkn
FN:56,jj
FNF:9
FNH:0
FNDA:0,(anonymous_1)
FNDA:0,recordCreated
FNDA:0,(anonymous_3)
FNDA:0,(anonymous_4)
FNDA:0,recordFound
FNDA:0,(anonymous_6)
FNDA:0,(anonymous_7)
FNDA:0,kkn
FNDA:0,jj
DA:8,1
DA:14,0
DA:15,0
DA:19,0
DA:20,0
DA:23,0
DA:25,0
DA:29,0
DA:36,0
DA:39,0
DA:40,0
DA:46,0
DA:51,0
DA:56,0
DA:58,0
DA:59,0
DA:61,0
DA:63,0
DA:65,0
DA:66,0
DA:67,0
DA:71,0
LF:22
LH:1
BRDA:19,1,0,0
BRDA:19,1,1,0
BRDA:66,2,0,0
BRDA:66,2,1,0
BRF:4
BRH:0
end_of_record
TN:
SF:/home/stephys/sw/proyectos/pruebasangular/habitapp/api/controllers/LoginController.js
FN:13,(anonymous_1)
FN:19,(anonymous_2)
FN:28,userFound
FN:40,passwordsMatch
FN:65,(anonymous_5)
FN:74,adminFound
FN:86,passwordsMatch
FN:110,(anonymous_8)
FN:113,(anonymous_9)
FN:120,passwordsMatch
FN:130,userLoginCreated
FN:147,(anonymous_12)
FN:157,(anonymous_13)
FN:161,(anonymous_14)
FNF:14
FNH:0
FNDA:0,(anonymous_1)
FNDA:0,(anonymous_2)
FNDA:0,userFound
FNDA:0,passwordsMatch
FNDA:0,(anonymous_5)
FNDA:0,adminFound
FNDA:0,passwordsMatch
FNDA:0,(anonymous_8)
FNDA:0,(anonymous_9)
FNDA:0,passwordsMatch
FNDA:0,userLoginCreated
FNDA:0,(anonymous_12)
FNDA:0,(anonymous_13)
FNDA:0,(anonymous_14)
DA:8,1
DA:14,0
DA:20,0
DA:21,0
DA:22,0
DA:25,0
DA:28,0
DA:29,0
DA:30,0
DA:32,0
DA:33,0
DA:36,0
DA:40,0
DA:41,0
DA:42,0
DA:43,0
DA:46,0
DA:48,0
DA:49,0
DA:51,0
DA:52,0
DA:54,0
DA:66,0
DA:67,0
DA:68,0
DA:71,0
DA:74,0
DA:75,0
DA:76,0
DA:78,0
DA:79,0
DA:82,0
DA:86,0
DA:87,0
DA:88,0
DA:89,0
DA:92,0
DA:94,0
DA:95,0
DA:97,0
DA:98,0
DA:100,0
DA:111,0
DA:114,0
DA:115,0
DA:117,0
DA:118,0
DA:120,0
DA:121,0
DA:122,0
DA:123,0
DA:124,0
DA:127,0
DA:130,0
DA:131,0
DA:132,0
DA:133,0
DA:134,0
DA:135,0
DA:138,0
DA:148,0
DA:150,0
DA:159,0
DA:162,0
DA:163,0
DA:165,0
LF:66
LH:1
BRDA:21,1,0,0
BRDA:21,1,1,0
BRDA:21,2,0,0
BRDA:21,2,1,0
BRDA:29,3,0,0
BRDA:29,3,1,0
BRDA:32,4,0,0
BRDA:32,4,1,0
BRDA:41,5,0,0
BRDA:41,5,1,0
BRDA:42,6,0,0
BRDA:42,6,1,0
BRDA:48,7,0,0
BRDA:48,7,1,0
BRDA:48,8,0,0
BRDA:48,8,1,0
BRDA:67,9,0,0
BRDA:67,9,1,0
BRDA:67,10,0,0
BRDA:67,10,1,0
BRDA:75,11,0,0
BRDA:75,11,1,0
BRDA:78,12,0,0
BRDA:78,12,1,0
BRDA:87,13,0,0
BRDA:87,13,1,0
BRDA:88,14,0,0
BRDA:88,14,1,0
BRDA:94,15,0,0
BRDA:94,15,1,0
BRDA:94,16,0,0
BRDA:94,16,1,0
BRDA:114,17,0,0
BRDA:114,17,1,0
BRDA:117,18,0,0
BRDA:117,18,1,0
BRDA:121,19,0,0
BRDA:121,19,1,0
BRDA:123,20,0,0
BRDA:123,20,1,0
BRDA:132,21,0,0
BRDA:132,21,1,0
BRDA:134,22,0,0
BRDA:134,22,1,0
BRDA:162,23,0,0
BRDA:162,23,1,0
BRF:46
BRH:0
end_of_record
TN:
SF:/home/stephys/sw/proyectos/pruebasangular/habitapp/api/controllers/ResetPasswordController.js
FN:12,(anonymous_1)
FN:18,(anonymous_2)
FN:29,emailFounded
FN:37,(anonymous_4)
FN:45,resetDestroyed
FN:49,resetPasswordCreated
FN:61,resetPasswordCreated
FN:87,(anonymous_8)
FN:91,(anonymous_9)
FN:105,emailFounded
FN:116,(anonymous_11)
FN:124,resetDestroyed
FN:132,resetPasswordCreated
FN:148,resetPasswordCreated
FNF:14
FNH:0
FNDA:0,(anonymous_1)
FNDA:0,(anonymous_2)
FNDA:0,emailFounded
FNDA:0,(anonymous_4)
FNDA:0,resetDestroyed
FNDA:0,resetPasswordCreated
FNDA:0,resetPasswordCreated
FNDA:0,(anonymous_8)
FNDA:0,(anonymous_9)
FNDA:0,emailFounded
FNDA:0,(anonymous_11)
FNDA:0,resetDestroyed
FNDA:0,resetPasswordCreated
FNDA:0,resetPasswordCreated
DA:8,1
DA:15,0
DA:16,0
DA:19,0
DA:20,0
DA:23,0
DA:24,0
DA:25,0
DA:29,0
DA:30,0
DA:31,0
DA:34,0
DA:35,0
DA:38,0
DA:39,0
DA:44,0
DA:45,0
DA:46,0
DA:47,0
DA:49,0
DA:50,0
DA:51,0
DA:54,0
DA:55,0
DA:61,0
DA:62,0
DA:63,0
DA:66,0
DA:67,0
DA:77,0
DA:81,0
DA:89,0
DA:92,0
DA:93,0
DA:96,0
DA:99,0
DA:100,0
DA:101,0
DA:105,0
DA:106,0
DA:107,0
DA:110,0
DA:113,0
DA:114,0
DA:117,0
DA:118,0
DA:121,0
DA:123,0
DA:124,0
DA:125,0
DA:126,0
DA:129,0
DA:132,0
DA:133,0
DA:134,0
DA:137,0
DA:141,0
DA:142,0
DA:148,0
DA:149,0
DA:150,0
DA:153,0
DA:157,0
DA:158,0
DA:168,0
DA:171,0
LF:66
LH:1
BRDA:15,1,0,0
BRDA:15,1,1,0
BRDA:19,2,0,0
BRDA:19,2,1,0
BRDA:23,3,0,0
BRDA:23,3,1,0
BRDA:30,4,0,0
BRDA:30,4,1,0
BRDA:38,5,0,0
BRDA:38,5,1,0
BRDA:44,6,0,0
BRDA:44,6,1,0
BRDA:46,7,0,0
BRDA:46,7,1,0
BRDA:50,8,0,0
BRDA:50,8,1,0
BRDA:62,9,0,0
BRDA:62,9,1,0
BRDA:92,10,0,0
BRDA:92,10,1,0
BRDA:99,11,0,0
BRDA:99,11,1,0
BRDA:106,12,0,0
BRDA:106,12,1,0
BRDA:117,13,0,0
BRDA:117,13,1,0
BRDA:123,14,0,0
BRDA:123,14,1,0
BRDA:125,15,0,0
BRDA:125,15,1,0
BRDA:133,16,0,0
BRDA:133,16,1,0
BRDA:149,17,0,0
BRDA:149,17,1,0
BRF:34
BRH:0
end_of_record
TN:
SF:/home/stephys/sw/proyectos/pruebasangular/habitapp/api/controllers/SaleController.js
FN:10,(anonymous_1)
FN:11,recordFound
FN:18,(anonymous_3)
FN:23,recordCreated
FN:38,(anonymous_5)
FN:39,recordsFound
FNF:6
FNH:0
FNDA:0,(anonymous_1)
FNDA:0,recordFound
FNDA:0,(anonymous_3)
FNDA:0,recordCreated
FNDA:0,(anonymous_5)
FNDA:0,recordsFound
DA:8,1
DA:11,0
DA:12,0
DA:19,0
DA:20,0
DA:21,0
DA:23,0
DA:24,0
DA:25,0
DA:28,0
DA:31,0
DA:34,0
DA:39,0
DA:40,0
DA:41,0
LF:15
LH:1
BRDA:24,1,0,0
BRDA:24,1,1,0
BRDA:40,2,0,0
BRDA:40,2,1,0
BRF:4
BRH:0
end_of_record
TN:
SF:/home/stephys/sw/proyectos/pruebasangular/habitapp/api/controllers/SessionController.js
FN:11,(anonymous_1)
FN:16,(anonymous_2)
FN:27,adminFound
FN:40,passwordsMatch
FN:63,(anonymous_5)
FN:74,businessManagerFound
FN:87,passwordsMatch
FN:111,(anonymous_8)
FN:119,(anonymous_9)
FNF:9
FNH:0
FNDA:0,(anonymous_1)
FNDA:0,(anonymous_2)
FNDA:0,adminFound
FNDA:0,passwordsMatch
FNDA:0,(anonymous_5)
FNDA:0,businessManagerFound
FNDA:0,passwordsMatch
FNDA:0,(anonymous_8)
FNDA:0,(anonymous_9)
DA:8,1
DA:9,1
DA:12,0
DA:17,0
DA:18,0
DA:19,0
DA:21,0
DA:24,0
DA:27,0
DA:28,0
DA:29,0
DA:31,0
DA:33,0
DA:36,0
DA:40,0
DA:41,0
DA:42,0
DA:43,0
DA:45,0
DA:48,0
DA:50,0
DA:51,0
DA:53,0
DA:54,0
DA:55,0
DA:64,0
DA:65,0
DA:66,0
DA:68,0
DA:71,0
DA:74,0
DA:75,0
DA:76,0
DA:78,0
DA:80,0
DA:83,0
DA:87,0
DA:88,0
DA:89,0
DA:90,0
DA:92,0
DA:95,0
DA:98,0
DA:99,0
DA:101,0
DA:102,0
DA:103,0
DA:112,0
DA:113,0
DA:120,0
LF:50
LH:2
BRDA:19,1,0,0
BRDA:19,1,1,0
BRDA:19,2,0,0
BRDA:19,2,1,0
BRDA:28,3,0,0
BRDA:28,3,1,0
BRDA:31,4,0,0
BRDA:31,4,1,0
BRDA:41,5,0,0
BRDA:41,5,1,0
BRDA:43,6,0,0
BRDA:43,6,1,0
BRDA:50,7,0,0
BRDA:50,7,1,0
BRDA:50,8,0,0
BRDA:50,8,1,0
BRDA:66,9,0,0
BRDA:66,9,1,0
BRDA:66,10,0,0
BRDA:66,10,1,0
BRDA:75,11,0,0
BRDA:75,11,1,0
BRDA:78,12,0,0
BRDA:78,12,1,0
BRDA:88,13,0,0
BRDA:88,13,1,0
BRDA:90,14,0,0
BRDA:90,14,1,0
BRDA:98,15,0,0
BRDA:98,15,1,0
BRDA:98,16,0,0
BRDA:98,16,1,0
BRF:32
BRH:0
end_of_record
TN:
SF:/home/stephys/sw/proyectos/pruebasangular/habitapp/api/controllers/StateController.js
FN:9,(anonymous_1)
FN:10,(anonymous_2)
FN:17,(anonymous_3)
FN:23,stateCrated
FN:33,(anonymous_5)
FN:34,stateFounded
FN:43,(anonymous_7)
FN:48,stateCrated
FN:58,(anonymous_9)
FN:59,stateFounded
FN:68,(anonymous_11)
FN:69,stateFounded
FN:80,(anonymous_13)
FN:83,(anonymous_14)
FNF:14
FNH:0
FNDA:0,(anonymous_1)
FNDA:0,(anonymous_2)
FNDA:0,(anonymous_3)
FNDA:0,stateCrated
FNDA:0,(anonymous_5)
FNDA:0,stateFounded
FNDA:0,(anonymous_7)
FNDA:0,stateCrated
FNDA:0,(anonymous_9)
FNDA:0,stateFounded
FNDA:0,(anonymous_11)
FNDA:0,stateFounded
FNDA:0,(anonymous_13)
FNDA:0,(anonymous_14)
DA:8,1
DA:10,0
DA:11,0
DA:18,0
DA:23,0
DA:24,0
DA:25,0
DA:28,0
DA:30,0
DA:34,0
DA:35,0
DA:36,0
DA:38,0
DA:44,0
DA:48,0
DA:49,0
DA:50,0
DA:53,0
DA:55,0
DA:59,0
DA:60,0
DA:61,0
DA:63,0
DA:69,0
DA:70,0
DA:71,0
DA:73,0
DA:81,0
DA:85,0
DA:86,0
DA:89,0
DA:92,0
LF:32
LH:1
BRDA:24,1,0,0
BRDA:24,1,1,0
BRDA:35,2,0,0
BRDA:35,2,1,0
BRDA:49,3,0,0
BRDA:49,3,1,0
BRDA:60,4,0,0
BRDA:60,4,1,0
BRDA:70,5,0,0
BRDA:70,5,1,0
BRDA:85,6,0,0
BRDA:85,6,1,0
BRF:12
BRH:0
end_of_record
TN:
SF:/home/stephys/sw/proyectos/pruebasangular/habitapp/api/controllers/UserController.js
FN:13,(anonymous_1)
FN:22,created
FN:32,(anonymous_3)
FN:39,recordUpdated
FN:43,userFound
FN:51,(anonymous_6)
FN:52,recordFounded
FN:66,(anonymous_8)
FN:68,recordsFounded
FN:72,recordsCounted
FN:86,(anonymous_11)
FN:92,(anonymous_12)
FN:95,founded
FN:102,updated
FN:108,(anonymous_15)
FN:120,(anonymous_16)
FN:123,recordFound
FN:130,userLoginFound
FN:136,userLoginCreated
FN:149,(anonymous_20)
FN:150,userFound
FN:162,(anonymous_22)
FN:165,(anonymous_23)
FN:174,(anonymous_24)
FN:203,passwordEncrypted
FN:208,userUpdated
FN:216,resetDestroyed
FN:238,(anonymous_28)
FNF:28
FNH:10
FNDA:1,(anonymous_1)
FNDA:1,created
FNDA:1,(anonymous_3)
FNDA:1,recordUpdated
FNDA:1,userFound
FNDA:1,(anonymous_6)
FNDA:1,recordFounded
FNDA:1,(anonymous_8)
FNDA:1,recordsFounded
FNDA:1,recordsCounted
FNDA:0,(anonymous_11)
FNDA:0,(anonymous_12)
FNDA:0,founded
FNDA:0,updated
FNDA:0,(anonymous_15)
FNDA:0,(anonymous_16)
FNDA:0,recordFound
FNDA:0,userLoginFound
FNDA:0,userLoginCreated
FNDA:0,(anonymous_20)
FNDA:0,userFound
FNDA:0,(anonymous_22)
FNDA:0,(anonymous_23)
FNDA:0,(anonymous_24)
FNDA:0,passwordEncrypted
FNDA:0,userUpdated
FNDA:0,resetDestroyed
FNDA:0,(anonymous_28)
DA:8,1
DA:14,1
DA:15,1
DA:16,1
DA:18,1
DA:19,0
DA:22,1
DA:23,1
DA:24,0
DA:26,1
DA:33,1
DA:34,1
DA:35,1
DA:36,1
DA:37,1
DA:38,1
DA:39,1
DA:40,1
DA:41,0
DA:43,1
DA:44,1
DA:52,1
DA:53,1
DA:54,0
DA:56,1
DA:58,1
DA:67,1
DA:69,1
DA:70,0
DA:72,1
DA:73,1
DA:74,0
DA:75,0
DA:77,1
DA:93,0
DA:96,0
DA:97,0
DA:99,0
DA:102,0
DA:103,0
DA:104,0
DA:106,0
DA:109,0
DA:110,0
DA:112,0
DA:121,0
DA:124,0
DA:125,0
DA:127,0
DA:128,0
DA:131,0
DA:132,0
DA:134,0
DA:137,0
DA:142,0
DA:150,0
DA:151,0
DA:152,0
DA:154,0
DA:163,0
DA:166,0
DA:167,0
DA:172,0
DA:175,0
DA:176,0
DA:179,0
DA:181,0
DA:182,0
DA:183,0
DA:186,0
DA:187,0
DA:188,0
DA:191,0
DA:193,0
DA:194,0
DA:195,0
DA:197,0
DA:198,0
DA:201,0
DA:203,0
DA:204,0
DA:206,0
DA:209,0
DA:210,0
DA:213,0
DA:216,0
DA:218,0
DA:224,0
DA:227,0
DA:239,0
LF:90
LH:27
BRDA:18,1,0,0
BRDA:18,1,1,1
BRDA:23,2,0,0
BRDA:23,2,1,1
BRDA:40,3,0,0
BRDA:40,3,1,1
BRDA:53,4,0,0
BRDA:53,4,1,1
BRDA:56,5,0,1
BRDA:56,5,1,0
BRDA:69,6,0,0
BRDA:69,6,1,1
BRDA:73,7,0,0
BRDA:73,7,1,1
BRDA:96,8,0,0
BRDA:96,8,1,0
BRDA:103,9,0,0
BRDA:103,9,1,0
BRDA:109,10,0,0
BRDA:109,10,1,0
BRDA:124,11,0,0
BRDA:124,11,1,0
BRDA:127,12,0,0
BRDA:127,12,1,0
BRDA:127,13,0,0
BRDA:127,13,1,0
BRDA:131,14,0,0
BRDA:131,14,1,0
BRDA:131,15,0,0
BRDA:131,15,1,0
BRDA:151,16,0,0
BRDA:151,16,1,0
BRDA:166,17,0,0
BRDA:166,17,1,0
BRDA:175,18,0,0
BRDA:175,18,1,0
BRDA:182,19,0,0
BRDA:182,19,1,0
BRDA:187,20,0,0
BRDA:187,20,1,0
BRDA:193,21,0,0
BRDA:193,21,1,0
BRDA:197,22,0,0
BRDA:197,22,1,0
BRDA:209,23,0,0
BRDA:209,23,1,0
BRF:46
BRH:7
end_of_record
TN:
SF:/home/stephys/sw/proyectos/pruebasangular/habitapp/api/policies/admin&flash.js
FN:1,(anonymous_1)
FNF:1
FNH:0
FNDA:0,(anonymous_1)
DA:1,1
DA:5,0
DA:6,0
DA:7,0
DA:9,0
DA:11,0
DA:12,0
DA:16,0
DA:19,0
DA:20,0
LF:10
LH:1
BRDA:5,1,0,0
BRDA:5,1,1,0
BRDA:5,2,0,0
BRDA:5,2,1,0
BRDA:7,3,0,0
BRDA:7,3,1,0
BRF:6
BRH:0
end_of_record
TN:
SF:/home/stephys/sw/proyectos/pruebasangular/habitapp/api/policies/admin&manager&flash.js
FN:1,(anonymous_1)
FNF:1
FNH:0
FNDA:0,(anonymous_1)
DA:1,1
DA:5,0
DA:6,0
DA:7,0
DA:9,0
DA:11,0
DA:12,0
DA:16,0
DA:19,0
DA:20,0
LF:10
LH:1
BRDA:5,1,0,0
BRDA:5,1,1,0
BRDA:5,2,0,0
BRDA:5,2,1,0
BRDA:5,2,2,0
BRDA:7,3,0,0
BRDA:7,3,1,0
BRF:7
BRH:0
end_of_record
TN:
SF:/home/stephys/sw/proyectos/pruebasangular/habitapp/api/policies/adminAuthentication.js
FN:1,(anonymous_1)
FN:3,adminsFounded
FNF:2
FNH:0
FNDA:0,(anonymous_1)
FNDA:0,adminsFounded
DA:1,1
DA:3,0
DA:4,0
DA:5,0
DA:8,0
DA:9,0
DA:12,0
DA:13,0
DA:14,0
DA:16,0
DA:18,0
DA:19,0
DA:23,0
DA:26,0
DA:27,0
LF:15
LH:1
BRDA:4,1,0,0
BRDA:4,1,1,0
BRDA:8,2,0,0
BRDA:8,2,1,0
BRDA:12,3,0,0
BRDA:12,3,1,0
BRDA:12,4,0,0
BRDA:12,4,1,0
BRDA:14,5,0,0
BRDA:14,5,1,0
BRF:10
BRH:0
end_of_record
TN:
SF:/home/stephys/sw/proyectos/pruebasangular/habitapp/api/policies/authenticated.js
FN:1,(anonymous_1)
FNF:1
FNH:0
FNDA:0,(anonymous_1)
DA:1,1
DA:2,0
DA:3,0
DA:5,0
DA:9,0
LF:5
LH:1
BRDA:2,1,0,0
BRDA:2,1,1,0
BRF:2
BRH:0
end_of_record
TN:
SF:/home/stephys/sw/proyectos/pruebasangular/habitapp/api/policies/bManager&flash.js
FN:1,(anonymous_1)
FNF:1
FNH:0
FNDA:0,(anonymous_1)
DA:1,1
DA:5,0
DA:6,0
DA:7,0
DA:9,0
DA:11,0
DA:12,0
DA:16,0
DA:19,0
DA:20,0
LF:10
LH:1
BRDA:5,1,0,0
BRDA:5,1,1,0
BRDA:5,2,0,0
BRDA:5,2,1,0
BRDA:7,3,0,0
BRDA:7,3,1,0
BRF:6
BRH:0
end_of_record
TN:
SF:/home/stephys/sw/proyectos/pruebasangular/habitapp/api/policies/businessManagerAuthentication.js
FN:1,(anonymous_1)
FN:3,businessManagerFounded
FNF:2
FNH:0
FNDA:0,(anonymous_1)
FNDA:0,businessManagerFounded
DA:1,1
DA:3,0
DA:4,0
DA:5,0
DA:8,0
DA:9,0
DA:12,0
DA:13,0
DA:14,0
DA:16,0
DA:18,0
DA:19,0
DA:23,0
DA:26,0
DA:27,0
LF:15
LH:1
BRDA:4,1,0,0
BRDA:4,1,1,0
BRDA:8,2,0,0
BRDA:8,2,1,0
BRDA:12,3,0,0
BRDA:12,3,1,0
BRDA:12,4,0,0
BRDA:12,4,1,0
BRDA:14,5,0,0
BRDA:14,5,1,0
BRF:10
BRH:0
end_of_record
TN:
SF:/home/stephys/sw/proyectos/pruebasangular/habitapp/api/policies/flash.js
FN:1,(anonymous_1)
FNF:1
FNH:1
FNDA:4,(anonymous_1)
DA:1,1
DA:3,4
DA:5,4
DA:6,4
DA:8,0
DA:10,0
DA:12,0
LF:7
LH:4
BRDA:5,1,0,4
BRDA:5,1,1,0
BRF:2
BRH:1
end_of_record
TN:
SF:/home/stephys/sw/proyectos/pruebasangular/habitapp/api/policies/sessionAuth.js
FN:10,(anonymous_1)
FNF:1
FNH:0
FNDA:0,(anonymous_1)
DA:10,1
DA:14,0
DA:15,0
DA:20,0
LF:4
LH:1
BRDA:14,1,0,0
BRDA:14,1,1,0
BRF:2
BRH:0
end_of_record
TN:
SF:/home/stephys/sw/proyectos/pruebasangular/habitapp/api/policies/userAuthentication.js
FN:1,(anonymous_1)
FN:5,(anonymous_2)
FNF:2
FNH:0
FNDA:0,(anonymous_1)
FNDA:0,(anonymous_2)
DA:1,1
DA:2,0
DA:3,0
DA:7,0
DA:8,0
DA:11,0
DA:14,0
DA:15,0
DA:16,0
DA:18,0
DA:21,0
LF:11
LH:1
BRDA:7,1,0,0
BRDA:7,1,1,0
BRDA:14,2,0,0
BRDA:14,2,1,0
BRF:4
BRH:0
end_of_record
